#
# There is insufficient memory for the Java Runtime Environment to continue.
# Native memory allocation (malloc) failed to allocate 29884416 bytes for committing reserved memory.
# Possible reasons:
#   The system is out of physical RAM or swap space
#   In 32 bit mode, the process size limit was hit
# Possible solutions:
#   Reduce memory load on the system
#   Increase physical memory or swap space
#   Check if swap backing store is full
#   Use 64 bit Java on a 64 bit OS
#   Decrease Java heap size (-Xmx/-Xms)
#   Decrease number of Java threads
#   Decrease Java thread stack sizes (-Xss)
#   Set larger code cache with -XX:ReservedCodeCacheSize=
# This output file may be truncated or incomplete.
#
#  Out of Memory Error (os_linux.cpp:2726), pid=23315, tid=140011612264192
#
# JRE version: Java(TM) SE Runtime Environment (7.0_51-b13) (build 1.7.0_51-b13)
# Java VM: Java HotSpot(TM) 64-Bit Server VM (24.51-b03 mixed mode linux-amd64 compressed oops)
# Failed to write core dump. Core dumps have been disabled. To enable core dumping, try "ulimit -c unlimited" before starting Java again
#

---------------  T H R E A D  ---------------

Current thread (0x00007f5708077800):  VMThread [stack: 0x00007f56fe59d000,0x00007f56fe69e000] [id=23331]

Stack: [0x00007f56fe59d000,0x00007f56fe69e000],  sp=0x00007f56fe69c2e0,  free space=1020k
Native frames: (J=compiled Java code, j=interpreted, Vv=VM code, C=native code)
V  [libjvm.so+0x992f4a]  VMError::report_and_die()+0x2ea
V  [libjvm.so+0x4931ab]  report_vm_out_of_memory(char const*, int, unsigned long, char const*)+0x9b
V  [libjvm.so+0x81338e]  os::Linux::commit_memory_impl(char*, unsigned long, bool)+0xfe
V  [libjvm.so+0x81383f]  os::Linux::commit_memory_impl(char*, unsigned long, unsigned long, bool)+0x4f
V  [libjvm.so+0x813a2c]  os::pd_commit_memory(char*, unsigned long, unsigned long, bool)+0xc
V  [libjvm.so+0x80daea]  os::commit_memory(char*, unsigned long, unsigned long, bool)+0x2a
V  [libjvm.so+0x87fcd3]  PSVirtualSpace::expand_by(unsigned long)+0x53
V  [libjvm.so+0x8810a8]  PSYoungGen::resize_generation(unsigned long, unsigned long)+0xf8
V  [libjvm.so+0x880212]  PSYoungGen::resize(unsigned long, unsigned long)+0x22
V  [libjvm.so+0x87d6ab]  PSScavenge::invoke_no_policy()+0xf3b
V  [libjvm.so+0x87de11]  PSScavenge::invoke()+0x41
V  [libjvm.so+0x834f10]  ParallelScavengeHeap::failed_mem_allocate(unsigned long)+0x70
V  [libjvm.so+0x9947e7]  VM_ParallelGCFailedAllocation::doit()+0x97
V  [libjvm.so+0x99bc15]  VM_Operation::evaluate()+0x55
V  [libjvm.so+0x99a04a]  VMThread::evaluate_operation(VM_Operation*)+0xba
V  [libjvm.so+0x99a3ce]  VMThread::loop()+0x1ce
V  [libjvm.so+0x99a840]  VMThread::run()+0x70
V  [libjvm.so+0x815538]  java_start(Thread*)+0x108

VM_Operation (0x00007f56edc13f00): ParallelGCFailedAllocation, mode: safepoint, requested by thread 0x00007f57084b9000


---------------  P R O C E S S  ---------------

Java Threads: ( => current thread )
  0x00007f56742d3800 JavaThread "Thread-5" [_thread_blocked, id=23409, stack(0x00007f56c5765000,0x00007f56c5866000)]
  0x00007f56740b7000 JavaThread "Thread-4" [_thread_blocked, id=23396, stack(0x00007f56c7cd2000,0x00007f56c7dd3000)]
  0x00007f56742d2800 JavaThread "Thread-3" [_thread_blocked, id=23384, stack(0x00007f56ec67e000,0x00007f56ec77f000)]
  0x00007f56742d8800 JavaThread "Thread-2" [_thread_blocked, id=23369, stack(0x00007f56f73e3000,0x00007f56f74e4000)]
  0x00007f570800b000 JavaThread "DestroyJavaVM" [_thread_blocked, id=23320, stack(0x00007f57109d5000,0x00007f5710ad6000)]
  0x00007f57084b9000 JavaThread "main-AWTAnimator" [_thread_blocked, id=23357, stack(0x00007f56edb15000,0x00007f56edc16000)]
  0x00007f57084b2800 JavaThread "main-Display-.x11_:0-1-EDT-1" daemon [_thread_blocked, id=23356, stack(0x00007f56f69d2000,0x00007f56f6ad3000)]
  0x00007f570848f000 JavaThread "main-SharedResourceRunner" daemon [_thread_blocked, id=23355, stack(0x00007f56f5713000,0x00007f56f5814000)]
  0x00007f57083e1000 JavaThread "AWT-EventQueue-0" [_thread_blocked, id=23345, stack(0x00007f56f6ad3000,0x00007f56f6bd4000)]
  0x00007f57083dc000 JavaThread "AWT-Shutdown" [_thread_blocked, id=23344, stack(0x00007f56f6bd4000,0x00007f56f6cd5000)]
  0x00007f570837f000 JavaThread "TimerQueue" daemon [_thread_blocked, id=23342, stack(0x00007f56f74e4000,0x00007f56f75e5000)]
  0x00007f5708369800 JavaThread "AWT-XAWT" daemon [_thread_in_native, id=23341, stack(0x00007f56f75e5000,0x00007f56f76e6000)]
  0x00007f570834a800 JavaThread "Java2D Disposer" daemon [_thread_blocked, id=23340, stack(0x00007f56f7af6000,0x00007f56f7bf7000)]
  0x00007f57080a4800 JavaThread "Service Thread" daemon [_thread_blocked, id=23337, stack(0x00007f56fd8b4000,0x00007f56fd9b5000)]
  0x00007f57080a2800 JavaThread "C2 CompilerThread1" daemon [_thread_blocked, id=23336, stack(0x00007f56fd9b5000,0x00007f56fdab6000)]
  0x00007f570809f800 JavaThread "C2 CompilerThread0" daemon [_thread_blocked, id=23335, stack(0x00007f56fdab6000,0x00007f56fdbb7000)]
  0x00007f5708095000 JavaThread "Signal Dispatcher" daemon [_thread_blocked, id=23334, stack(0x00007f56fdbb7000,0x00007f56fdcb8000)]
  0x00007f570807e000 JavaThread "Finalizer" daemon [_thread_blocked, id=23333, stack(0x00007f56fe39b000,0x00007f56fe49c000)]
  0x00007f570807a000 JavaThread "Reference Handler" daemon [_thread_blocked, id=23332, stack(0x00007f56fe49c000,0x00007f56fe59d000)]

Other Threads:
=>0x00007f5708077800 VMThread [stack: 0x00007f56fe59d000,0x00007f56fe69e000] [id=23331]
  0x00007f57080b7800 WatcherThread [stack: 0x00007f56fd7b3000,0x00007f56fd8b4000] [id=23338]

VM state:at safepoint (normal execution)

VM Mutex/Monitor currently owned by a thread:  ([mutex/lock_event])
[0x00007f5708007580] Threads_lock - owner thread: 0x00007f5708077800
[0x00007f5708007a80] Heap_lock - owner thread: 0x00007f57084b9000

Heap
 PSYoungGen      total 294400K, used 352K [0x00000007aca00000, 0x00000007bf480000, 0x0000000800000000)
  eden space 286208K, 0% used [0x00000007aca00000,0x00000007aca00000,0x00000007be180000)
  from space 8192K, 4% used [0x00000007be480000,0x00000007be4d8000,0x00000007bec80000)
  to   space 512K, 0% used [0x00000007bf400000,0x00000007bf400000,0x00000007bf480000)
 ParOldGen       total 241152K, used 108608K [0x0000000705e00000, 0x0000000714980000, 0x00000007aca00000)
  object space 241152K, 45% used [0x0000000705e00000,0x000000070c810380,0x0000000714980000)
 PSPermGen       total 44032K, used 24798K [0x0000000700c00000, 0x0000000703700000, 0x0000000705e00000)
  object space 44032K, 56% used [0x0000000700c00000,0x0000000702437860,0x0000000703700000)

Card table byte_map: [0x00007f570d4f5000,0x00007f570dcf0000] byte_map_base: 0x00007f5709cef000

Polling page: 0x00007f5710b01000

Code Cache  [0x00007f5705000000, 0x00007f57052e0000, 0x00007f5708000000)
 total_blobs=1685 nmethods=852 adapters=786 free_code_cache=46330Kb largest_free_block=47356096

Compilation events (10 events):
Event: 222.211 Thread 0x00007f570809f800  898             javax.swing.RepaintManager::collectDirtyComponents (344 bytes)
Event: 222.232 Thread 0x00007f570809f800 nmethod 898 0x00007f5705214a10 code [0x00007f5705214c80, 0x00007f5705215b00]
Event: 223.011 Thread 0x00007f57080a2800  899             javax.swing.RepaintManager::getDelegate (14 bytes)
Event: 223.012 Thread 0x00007f57080a2800 nmethod 899 0x00007f5705234410 code [0x00007f5705234580, 0x00007f57052346f8]
Event: 224.212 Thread 0x00007f570809f800  900             javax.swing.BufferStrategyPaintManager::fetchRoot (193 bytes)
Event: 224.217 Thread 0x00007f570809f800 nmethod 900 0x00007f57052ae1d0 code [0x00007f57052ae340, 0x00007f57052ae6c8]
Event: 224.317 Thread 0x00007f57080a2800  901   !         javax.swing.RepaintManager::addDirtyRegion0 (205 bytes)
Event: 224.319 Thread 0x00007f570809f800  902             java.lang.Thread::isInterrupted (6 bytes)
Event: 224.319 Thread 0x00007f570809f800 nmethod 902 0x00007f57052b2510 code [0x00007f57052b2660, 0x00007f57052b2708]
Event: 224.350 Thread 0x00007f57080a2800 nmethod 901 0x00007f57052d20d0 code [0x00007f57052d2460, 0x00007f57052d4820]

GC Heap History (10 events):
Event: 220.558 GC heap after
Heap after GC invocations=185 (full 6):
 PSYoungGen      total 247296K, used 0K [0x00000007aca00000, 0x00000007c0500000, 0x0000000800000000)
  eden space 237568K, 0% used [0x00000007aca00000,0x00000007aca00000,0x00000007bb200000)
  from space 9728K, 0% used [0x00000007bf200000,0x00000007bf200000,0x00000007bfb80000)
  to   space 9216K, 0% used [0x00000007bfc00000,0x00000007bfc00000,0x00000007c0500000)
 ParOldGen       total 229376K, used 72085K [0x0000000705e00000, 0x0000000713e00000, 0x00000007aca00000)
  object space 229376K, 31% used [0x0000000705e00000,0x000000070a4654b0,0x0000000713e00000)
 PSPermGen       total 46592K, used 24797K [0x0000000700c00000, 0x0000000703980000, 0x0000000705e00000)
  object space 46592K, 53% used [0x0000000700c00000,0x00000007024375f0,0x0000000703980000)
}
Event: 222.670 GC heap before
{Heap before GC invocations=186 (full 6):
 PSYoungGen      total 247296K, used 237568K [0x00000007aca00000, 0x00000007c0500000, 0x0000000800000000)
  eden space 237568K, 100% used [0x00000007aca00000,0x00000007bb200000,0x00000007bb200000)
  from space 9728K, 0% used [0x00000007bf200000,0x00000007bf200000,0x00000007bfb80000)
  to   space 9216K, 0% used [0x00000007bfc00000,0x00000007bfc00000,0x00000007c0500000)
 ParOldGen       total 229376K, used 72085K [0x0000000705e00000, 0x0000000713e00000, 0x00000007aca00000)
  object space 229376K, 31% used [0x0000000705e00000,0x000000070a4654b0,0x0000000713e00000)
 PSPermGen       total 46592K, used 24798K [0x0000000700c00000, 0x0000000703980000, 0x0000000705e00000)
  object space 46592K, 53% used [0x0000000700c00000,0x0000000702437860,0x0000000703980000)
Event: 222.678 GC heap after
Heap after GC invocations=186 (full 6):
 PSYoungGen      total 229888K, used 320K [0x00000007aca00000, 0x00000007bfc80000, 0x0000000800000000)
  eden space 229376K, 0% used [0x00000007aca00000,0x00000007aca00000,0x00000007baa00000)
  from space 512K, 62% used [0x00000007bfc00000,0x00000007bfc50000,0x00000007bfc80000)
  to   space 9216K, 0% used [0x00000007bea80000,0x00000007bea80000,0x00000007bf380000)
 ParOldGen       total 229376K, used 108535K [0x0000000705e00000, 0x0000000713e00000, 0x00000007aca00000)
  object space 229376K, 47% used [0x0000000705e00000,0x000000070c7fdcc0,0x0000000713e00000)
 PSPermGen       total 46592K, used 24798K [0x0000000700c00000, 0x0000000703980000, 0x0000000705e00000)
  object space 46592K, 53% used [0x0000000700c00000,0x0000000702437860,0x0000000703980000)
}
Event: 223.416 GC heap before
{Heap before GC invocations=187 (full 6):
 PSYoungGen      total 229888K, used 229696K [0x00000007aca00000, 0x00000007bfc80000, 0x0000000800000000)
  eden space 229376K, 100% used [0x00000007aca00000,0x00000007baa00000,0x00000007baa00000)
  from space 512K, 62% used [0x00000007bfc00000,0x00000007bfc50000,0x00000007bfc80000)
  to   space 9216K, 0% used [0x00000007bea80000,0x00000007bea80000,0x00000007bf380000)
 ParOldGen       total 229376K, used 108535K [0x0000000705e00000, 0x0000000713e00000, 0x00000007aca00000)
  object space 229376K, 47% used [0x0000000705e00000,0x000000070c7fdcc0,0x0000000713e00000)
 PSPermGen       total 46592K, used 24798K [0x0000000700c00000, 0x0000000703980000, 0x0000000705e00000)
  object space 46592K, 53% used [0x0000000700c00000,0x0000000702437860,0x0000000703980000)
Event: 223.424 GC heap after
Heap after GC invocations=187 (full 6):
 PSYoungGen      total 264704K, used 388K [0x00000007aca00000, 0x00000007bfc80000, 0x0000000800000000)
  eden space 255488K, 0% used [0x00000007aca00000,0x00000007aca00000,0x00000007bc380000)
  from space 9216K, 4% used [0x00000007bea80000,0x00000007beae11a0,0x00000007bf380000)
  to   space 8704K, 0% used [0x00000007bf400000,0x00000007bf400000,0x00000007bfc80000)
 ParOldGen       total 229376K, used 144985K [0x0000000705e00000, 0x0000000713e00000, 0x00000007aca00000)
  object space 229376K, 63% used [0x0000000705e00000,0x000000070eb964d0,0x0000000713e00000)
 PSPermGen       total 46592K, used 24798K [0x0000000700c00000, 0x0000000703980000, 0x0000000705e00000)
  object space 46592K, 53% used [0x0000000700c00000,0x0000000702437860,0x0000000703980000)
}
Event: 224.270 GC heap before
{Heap before GC invocations=188 (full 6):
 PSYoungGen      total 264704K, used 255876K [0x00000007aca00000, 0x00000007bfc80000, 0x0000000800000000)
  eden space 255488K, 100% used [0x00000007aca00000,0x00000007bc380000,0x00000007bc380000)
  from space 9216K, 4% used [0x00000007bea80000,0x00000007beae11a0,0x00000007bf380000)
  to   space 8704K, 0% used [0x00000007bf400000,0x00000007bf400000,0x00000007bfc80000)
 ParOldGen       total 229376K, used 144985K [0x0000000705e00000, 0x0000000713e00000, 0x00000007aca00000)
  object space 229376K, 63% used [0x0000000705e00000,0x000000070eb964d0,0x0000000713e00000)
 PSPermGen       total 46592K, used 24798K [0x0000000700c00000, 0x0000000703980000, 0x0000000705e00000)
  object space 46592K, 53% used [0x0000000700c00000,0x0000000702437860,0x0000000703980000)
Event: 224.278 GC heap after
Heap after GC invocations=188 (full 6):
 PSYoungGen      total 286720K, used 320K [0x00000007aca00000, 0x00000007bf480000, 0x0000000800000000)
  eden space 286208K, 0% used [0x00000007aca00000,0x00000007aca00000,0x00000007be180000)
  from space 512K, 62% used [0x00000007bf400000,0x00000007bf450000,0x00000007bf480000)
  to   space 8192K, 0% used [0x00000007be480000,0x00000007be480000,0x00000007bec80000)
 ParOldGen       total 229376K, used 181644K [0x0000000705e00000, 0x0000000713e00000, 0x00000007aca00000)
  object space 229376K, 79% used [0x0000000705e00000,0x0000000710f632a0,0x0000000713e00000)
 PSPermGen       total 46592K, used 24798K [0x0000000700c00000, 0x0000000703980000, 0x0000000705e00000)
  object space 46592K, 53% used [0x0000000700c00000,0x0000000702437860,0x0000000703980000)
}
Event: 224.278 GC heap before
{Heap before GC invocations=189 (full 7):
 PSYoungGen      total 286720K, used 320K [0x00000007aca00000, 0x00000007bf480000, 0x0000000800000000)
  eden space 286208K, 0% used [0x00000007aca00000,0x00000007aca00000,0x00000007be180000)
  from space 512K, 62% used [0x00000007bf400000,0x00000007bf450000,0x00000007bf480000)
  to   space 8192K, 0% used [0x00000007be480000,0x00000007be480000,0x00000007bec80000)
 ParOldGen       total 229376K, used 181644K [0x0000000705e00000, 0x0000000713e00000, 0x00000007aca00000)
  object space 229376K, 79% used [0x0000000705e00000,0x0000000710f632a0,0x0000000713e00000)
 PSPermGen       total 46592K, used 24798K [0x0000000700c00000, 0x0000000703980000, 0x0000000705e00000)
  object space 46592K, 53% used [0x0000000700c00000,0x0000000702437860,0x0000000703980000)
Event: 224.317 GC heap after
Heap after GC invocations=189 (full 7):
 PSYoungGen      total 286720K, used 0K [0x00000007aca00000, 0x00000007bf480000, 0x0000000800000000)
  eden space 286208K, 0% used [0x00000007aca00000,0x00000007aca00000,0x00000007be180000)
  from space 512K, 0% used [0x00000007bf400000,0x00000007bf400000,0x00000007bf480000)
  to   space 8192K, 0% used [0x00000007be480000,0x00000007be480000,0x00000007bec80000)
 ParOldGen       total 241152K, used 72158K [0x0000000705e00000, 0x0000000714980000, 0x00000007aca00000)
  object space 241152K, 29% used [0x0000000705e00000,0x000000070a477b70,0x0000000714980000)
 PSPermGen       total 44032K, used 24798K [0x0000000700c00000, 0x0000000703700000, 0x0000000705e00000)
  object space 44032K, 56% used [0x0000000700c00000,0x0000000702437860,0x0000000703700000)
}
Event: 225.179 GC heap before
{Heap before GC invocations=190 (full 7):
 PSYoungGen      total 286720K, used 286208K [0x00000007aca00000, 0x00000007bf480000, 0x0000000800000000)
  eden space 286208K, 100% used [0x00000007aca00000,0x00000007be180000,0x00000007be180000)
  from space 512K, 0% used [0x00000007bf400000,0x00000007bf400000,0x00000007bf480000)
  to   space 8192K, 0% used [0x00000007be480000,0x00000007be480000,0x00000007bec80000)
 ParOldGen       total 241152K, used 72158K [0x0000000705e00000, 0x0000000714980000, 0x00000007aca00000)
  object space 241152K, 29% used [0x0000000705e00000,0x000000070a477b70,0x0000000714980000)
 PSPermGen       total 44032K, used 24798K [0x0000000700c00000, 0x0000000703700000, 0x0000000705e00000)
  object space 44032K, 56% used [0x0000000700c00000,0x0000000702437860,0x0000000703700000)

Deoptimization events (10 events):
Event: 108.670 Thread 0x00007f57083e1000 Uncommon trap: reason=class_check action=maybe_recompile pc=0x00007f57052196d0 method=javax.swing.BufferStrategyPaintManager.fetchRoot(Ljavax/swing/JComponent;)Z @ 150
Event: 119.793 Thread 0x00007f57083e1000 Uncommon trap: reason=null_check action=make_not_entrant pc=0x00007f57051a3460 method=java.awt.Component.enableEvents(J)V @ 112
Event: 119.795 Thread 0x00007f57083e1000 Uncommon trap: reason=class_check action=maybe_recompile pc=0x00007f57051b62d0 method=java.lang.Integer.equals(Ljava/lang/Object;)Z @ 1
Event: 119.795 Thread 0x00007f57083e1000 Uncommon trap: reason=class_check action=maybe_recompile pc=0x00007f57051b62d0 method=java.lang.Integer.equals(Ljava/lang/Object;)Z @ 1
Event: 119.795 Thread 0x00007f57083e1000 Uncommon trap: reason=class_check action=maybe_recompile pc=0x00007f57051b62d0 method=java.lang.Integer.equals(Ljava/lang/Object;)Z @ 1
Event: 119.795 Thread 0x00007f57083e1000 Uncommon trap: reason=class_check action=maybe_recompile pc=0x00007f57051b62d0 method=java.lang.Integer.equals(Ljava/lang/Object;)Z @ 1
Event: 120.991 Thread 0x00007f57084b9000 Uncommon trap: reason=null_check action=make_not_entrant pc=0x00007f5705213744 method=nl.esciencecenter.visualization.ewatercycle.data.SurfaceTextureDescription.equals(Ljava/lang/Object;)Z @ 8
Event: 120.991 Thread 0x00007f57084b9000 Uncommon trap: reason=null_check action=make_not_entrant pc=0x00007f57051ed89c method=nl.esciencecenter.visualization.ewatercycle.data.SurfaceTextureDescription.equals(Ljava/lang/Object;)Z @ 8
Event: 195.138 Thread 0x00007f57083e1000 Uncommon trap: reason=null_check action=make_not_entrant pc=0x00007f57051638f4 method=java.awt.KeyboardFocusManager.getMostRecentFocusOwner(Ljava/awt/Window;)Ljava/awt/Component; @ 9
Event: 215.752 Thread 0x00007f57083e1000 Uncommon trap: reason=class_check action=maybe_recompile pc=0x00007f5705231304 method=javax.swing.UIDefaults.getFromResourceBundle(Ljava/lang/Object;Ljava/util/Locale;)Ljava/lang/Object; @ 18

Internal exceptions (10 events):
Event: 108.606 Thread 0x00007f57083e1000 Implicit null exception at 0x00007f5705220840 to 0x00007f5705221089
Event: 108.668 Thread 0x00007f57083e1000 Threw 0x00000007aead3d48 at /HUDSON/workspace/7u-2-build-linux-amd64@2/jdk7u51/527/hotspot/src/share/vm/prims/jni.cpp:743
Event: 110.196 Thread 0x00007f57084b9000 Threw 0x00000007aec67fe8 at /HUDSON/workspace/7u-2-build-linux-amd64@2/jdk7u51/527/hotspot/src/share/vm/prims/jvm.cpp:1244
Event: 119.793 Thread 0x00007f57083e1000 Implicit null exception at 0x00007f57051a0b6f to 0x00007f57051a343d
Event: 119.793 Thread 0x00007f57084b9000 Threw 0x00000007b02d5f38 at /HUDSON/workspace/7u-2-build-linux-amd64@2/jdk7u51/527/hotspot/src/share/vm/prims/jvm.cpp:1244
Event: 120.991 Thread 0x00007f57084b9000 Implicit null exception at 0x00007f57052115e7 to 0x00007f5705213711
Event: 120.991 Thread 0x00007f57084b9000 Implicit null exception at 0x00007f57051ed61b to 0x00007f57051ed88c
Event: 146.157 Thread 0x00007f57083e1000 Threw 0x00000007b572cda0 at /HUDSON/workspace/7u-2-build-linux-amd64@2/jdk7u51/527/hotspot/src/share/vm/prims/jni.cpp:743
Event: 182.085 Thread 0x00007f57083e1000 Threw 0x00000007ad99aa08 at /HUDSON/workspace/7u-2-build-linux-amd64@2/jdk7u51/527/hotspot/src/share/vm/prims/jni.cpp:743
Event: 195.137 Thread 0x00007f57083e1000 Implicit null exception at 0x00007f5705163470 to 0x00007f57051638e9

Events (10 events):
Event: 217.854 Executing VM operation: ParallelGCFailedAllocation done
Event: 220.505 Executing VM operation: ParallelGCFailedAllocation
Event: 220.558 Executing VM operation: ParallelGCFailedAllocation done
Event: 222.670 Executing VM operation: ParallelGCFailedAllocation
Event: 222.678 Executing VM operation: ParallelGCFailedAllocation done
Event: 223.415 Executing VM operation: ParallelGCFailedAllocation
Event: 223.424 Executing VM operation: ParallelGCFailedAllocation done
Event: 224.269 Executing VM operation: ParallelGCFailedAllocation
Event: 224.317 Executing VM operation: ParallelGCFailedAllocation done
Event: 225.171 Executing VM operation: ParallelGCFailedAllocation


Dynamic libraries:
00400000-00401000 r-xp 00000000 08:01 1180676                            /opt/jdk1.7.0_51/bin/java
00600000-00601000 rw-p 00000000 08:01 1180676                            /opt/jdk1.7.0_51/bin/java
00a45000-14415000 rw-p 00000000 00:00 0                                  [heap]
40145000-40241000 rw-p 00000000 00:00 0 
407fb000-407fd000 r-xs 00000000 08:01 2114205                            /tmp/gl6vQEcG (deleted)
4149f000-4151d000 rw-p 00000000 00:00 0 
41f74000-41ff2000 rw-p 00000000 00:00 0 
700c00000-703700000 rw-p 00000000 00:00 0 
703700000-704200000 ---p 00000000 00:00 0 
704200000-705e00000 rw-p 00000000 00:00 0 
705e00000-714980000 rw-p 00000000 00:00 0 
714980000-7aca00000 rw-p 00000000 00:00 0 
7aca00000-7bf480000 rw-p 00000000 00:00 0 
7c1100000-7c2500000 ---p 00000000 00:00 0 
7c2500000-800000000 rw-p 00000000 00:00 0 
7f5220b4b000-7f5222ee4000 rw-p 00000000 00:00 0 
7f5258576000-7f525a90f000 rw-p 00000000 00:00 0 
7f528ffa1000-7f52a4000000 rw-p 00000000 00:00 0 
7f52a4000000-7f52a6160000 rw-p 00000000 00:00 0 
7f52a6160000-7f52a8000000 ---p 00000000 00:00 0 
7f52a85b4000-7f52d713d000 rw-p 00000000 00:00 0 
7f52d94d6000-7f52f4000000 rw-p 00000000 00:00 0 
7f52f4000000-7f52f4021000 rw-p 00000000 00:00 0 
7f52f4021000-7f52f8000000 ---p 00000000 00:00 0 
7f52f84d6000-7f52fa86f000 rw-p 00000000 00:00 0 
7f52fa86f000-7f52fac6f000 rw-s 3677f7000 00:05 15621                     /dev/nvidia1
7f52fc06f000-7f5309604000 rw-p 00000000 00:00 0 
7f5309604000-7f5309a04000 rw-s 424250000 00:05 15621                     /dev/nvidia1
7f5309a04000-7f5309e04000 rw-s 10174f000 00:05 15621                     /dev/nvidia1
7f5309e04000-7f530a204000 rw-s 100655000 00:05 15621                     /dev/nvidia1
7f530a204000-7f530a604000 rw-s 1012e2000 00:05 15621                     /dev/nvidia1
7f530a604000-7f530aa04000 rw-s 100ca8000 00:05 15621                     /dev/nvidia1
7f530aa6b000-7f5318000000 rw-p 00000000 00:00 0 
7f5318000000-7f531bf3c000 rw-p 00000000 00:00 0 
7f531bf3c000-7f531c000000 ---p 00000000 00:00 0 
7f531c0d6000-7f531c4d6000 rw-s 3794d7000 00:05 18605                     /dev/nvidia0
7f531c4d6000-7f531c8d6000 rw-s 3814cc000 00:05 18605                     /dev/nvidia0
7f531c8d6000-7f531ccd6000 rw-s 2a3bfa000 00:05 18605                     /dev/nvidia0
7f531ccd6000-7f531d0d6000 rw-s 286193000 00:05 18605                     /dev/nvidia0
7f531d0d6000-7f531d4d6000 rw-s 2cf517000 00:05 18605                     /dev/nvidia0
7f531d4d6000-7f5338000000 rw-p 00000000 00:00 0 
7f5338000000-7f5338021000 rw-p 00000000 00:00 0 
7f5338021000-7f533c000000 ---p 00000000 00:00 0 
7f533db49000-7f537c000000 rw-p 00000000 00:00 0 
7f537c000000-7f537fd8d000 rw-p 00000000 00:00 0 
7f537fd8d000-7f5380000000 ---p 00000000 00:00 0 
7f5380e04000-7f538c000000 rw-p 00000000 00:00 0 
7f538c000000-7f538ffcc000 rw-p 00000000 00:00 0 
7f538ffcc000-7f5390000000 ---p 00000000 00:00 0 
7f5390000000-7f5393c28000 rw-p 00000000 00:00 0 
7f5393c28000-7f5394000000 ---p 00000000 00:00 0 
7f5394000000-7f5397d4c000 rw-p 00000000 00:00 0 
7f5397d4c000-7f5398000000 ---p 00000000 00:00 0 
7f5398000000-7f539bd4e000 rw-p 00000000 00:00 0 
7f539bd4e000-7f539c000000 ---p 00000000 00:00 0 
7f539c000000-7f539ffd3000 rw-p 00000000 00:00 0 
7f539ffd3000-7f53a0000000 ---p 00000000 00:00 0 
7f53a0000000-7f53a3e88000 rw-p 00000000 00:00 0 
7f53a3e88000-7f53a4000000 ---p 00000000 00:00 0 
7f53a4000000-7f53a7e75000 rw-p 00000000 00:00 0 
7f53a7e75000-7f53a8000000 ---p 00000000 00:00 0 
7f53a8000000-7f53abd72000 rw-p 00000000 00:00 0 
7f53abd72000-7f53ac000000 ---p 00000000 00:00 0 
7f53ac000000-7f53afed1000 rw-p 00000000 00:00 0 
7f53afed1000-7f53b0000000 ---p 00000000 00:00 0 
7f53b0000000-7f53b3fd0000 rw-p 00000000 00:00 0 
7f53b3fd0000-7f53b4000000 ---p 00000000 00:00 0 
7f53b4000000-7f53b7ea3000 rw-p 00000000 00:00 0 
7f53b7ea3000-7f53b8000000 ---p 00000000 00:00 0 
7f53b8000000-7f53bbfd9000 rw-p 00000000 00:00 0 
7f53bbfd9000-7f53bc000000 ---p 00000000 00:00 0 
7f53bc000000-7f53bff61000 rw-p 00000000 00:00 0 
7f53bff61000-7f53c0000000 ---p 00000000 00:00 0 
7f53c0000000-7f53c3cd4000 rw-p 00000000 00:00 0 
7f53c3cd4000-7f53c4000000 ---p 00000000 00:00 0 
7f53c4000000-7f53c7f22000 rw-p 00000000 00:00 0 
7f53c7f22000-7f53c8000000 ---p 00000000 00:00 0 
7f53c8000000-7f53cbe3d000 rw-p 00000000 00:00 0 
7f53cbe3d000-7f53cc000000 ---p 00000000 00:00 0 
7f53cc000000-7f53cfeb8000 rw-p 00000000 00:00 0 
7f53cfeb8000-7f53d0000000 ---p 00000000 00:00 0 
7f53d1c67000-7f53d4000000 rw-p 00000000 00:00 0 
7f53d4000000-7f53d7dff000 rw-p 00000000 00:00 0 
7f53d7dff000-7f53d8000000 ---p 00000000 00:00 0 
7f53d9867000-7f53d9c67000 rw-s 399293000 00:05 15621                     /dev/nvidia1
7f53d9c67000-7f53dc000000 rw-p 00000000 00:00 0 
7f53dc000000-7f53dff4c000 rw-p 00000000 00:00 0 
7f53dff4c000-7f53e0000000 ---p 00000000 00:00 0 
7f53e0000000-7f53e3f31000 rw-p 00000000 00:00 0 
7f53e3f31000-7f53e4000000 ---p 00000000 00:00 0 
7f53e4000000-7f53e7f26000 rw-p 00000000 00:00 0 
7f53e7f26000-7f53e8000000 ---p 00000000 00:00 0 
7f53e8000000-7f53ebf3e000 rw-p 00000000 00:00 0 
7f53ebf3e000-7f53ec000000 ---p 00000000 00:00 0 
7f53ec000000-7f53eff56000 rw-p 00000000 00:00 0 
7f53eff56000-7f53f0000000 ---p 00000000 00:00 0 
7f53f0000000-7f53f3f47000 rw-p 00000000 00:00 0 
7f53f3f47000-7f53f4000000 ---p 00000000 00:00 0 
7f53f4000000-7f53f7f4b000 rw-p 00000000 00:00 0 
7f53f7f4b000-7f53f8000000 ---p 00000000 00:00 0 
7f53f8000000-7f53fbe4a000 rw-p 00000000 00:00 0 
7f53fbe4a000-7f53fc000000 ---p 00000000 00:00 0 
7f53fc000000-7f53fff33000 rw-p 00000000 00:00 0 
7f53fff33000-7f5400000000 ---p 00000000 00:00 0 
7f5400000000-7f5403e40000 rw-p 00000000 00:00 0 
7f5403e40000-7f5404000000 ---p 00000000 00:00 0 
7f5404000000-7f5407f25000 rw-p 00000000 00:00 0 
7f5407f25000-7f5408000000 ---p 00000000 00:00 0 
7f5408000000-7f540bf47000 rw-p 00000000 00:00 0 
7f540bf47000-7f540c000000 ---p 00000000 00:00 0 
7f540c000000-7f540feee000 rw-p 00000000 00:00 0 
7f540feee000-7f5410000000 ---p 00000000 00:00 0 
7f5410000000-7f5413f4a000 rw-p 00000000 00:00 0 
7f5413f4a000-7f5414000000 ---p 00000000 00:00 0 
7f5414000000-7f5417f09000 rw-p 00000000 00:00 0 
7f5417f09000-7f5418000000 ---p 00000000 00:00 0 
7f5418000000-7f541be96000 rw-p 00000000 00:00 0 
7f541be96000-7f541c000000 ---p 00000000 00:00 0 
7f541c000000-7f541ff5e000 rw-p 00000000 00:00 0 
7f541ff5e000-7f5420000000 ---p 00000000 00:00 0 
7f5420000000-7f5423d6a000 rw-p 00000000 00:00 0 
7f5423d6a000-7f5424000000 ---p 00000000 00:00 0 
7f5424000000-7f5427f17000 rw-p 00000000 00:00 0 
7f5427f17000-7f5428000000 ---p 00000000 00:00 0 
7f5428000000-7f542bf20000 rw-p 00000000 00:00 0 
7f542bf20000-7f542c000000 ---p 00000000 00:00 0 
7f542c000000-7f542ff2b000 rw-p 00000000 00:00 0 
7f542ff2b000-7f5430000000 ---p 00000000 00:00 0 
7f5430000000-7f5433f4b000 rw-p 00000000 00:00 0 
7f5433f4b000-7f5434000000 ---p 00000000 00:00 0 
7f5434000000-7f5437f31000 rw-p 00000000 00:00 0 
7f5437f31000-7f5438000000 ---p 00000000 00:00 0 
7f5438000000-7f543bf60000 rw-p 00000000 00:00 0 
7f543bf60000-7f543c000000 ---p 00000000 00:00 0 
7f543c000000-7f543ff32000 rw-p 00000000 00:00 0 
7f543ff32000-7f5440000000 ---p 00000000 00:00 0 
7f5441867000-7f5441c67000 rw-s 1812d6000 00:05 18605                     /dev/nvidia0
7f5441c67000-7f5444000000 rw-p 00000000 00:00 0 
7f5444000000-7f5447efd000 rw-p 00000000 00:00 0 
7f5447efd000-7f5448000000 ---p 00000000 00:00 0 
7f5448000000-7f544bf2e000 rw-p 00000000 00:00 0 
7f544bf2e000-7f544c000000 ---p 00000000 00:00 0 
7f544c000000-7f544ff24000 rw-p 00000000 00:00 0 
7f544ff24000-7f5450000000 ---p 00000000 00:00 0 
7f5450000000-7f5453f56000 rw-p 00000000 00:00 0 
7f5453f56000-7f5454000000 ---p 00000000 00:00 0 
7f5454000000-7f5457e3b000 rw-p 00000000 00:00 0 
7f5457e3b000-7f5458000000 ---p 00000000 00:00 0 
7f5458000000-7f545be52000 rw-p 00000000 00:00 0 
7f545be52000-7f545c000000 ---p 00000000 00:00 0 
7f545c000000-7f545fe4e000 rw-p 00000000 00:00 0 
7f545fe4e000-7f5460000000 ---p 00000000 00:00 0 
7f5460000000-7f5463f35000 rw-p 00000000 00:00 0 
7f5463f35000-7f5464000000 ---p 00000000 00:00 0 
7f5464000000-7f5467e9a000 rw-p 00000000 00:00 0 
7f5467e9a000-7f5468000000 ---p 00000000 00:00 0 
7f5468000000-7f546beeb000 rw-p 00000000 00:00 0 
7f546beeb000-7f546c000000 ---p 00000000 00:00 0 
7f546c000000-7f546fd38000 rw-p 00000000 00:00 0 
7f546fd38000-7f5470000000 ---p 00000000 00:00 0 
7f5470000000-7f5473e4c000 rw-p 00000000 00:00 0 
7f5473e4c000-7f5474000000 ---p 00000000 00:00 0 
7f5474000000-7f5477d5c000 rw-p 00000000 00:00 0 
7f5477d5c000-7f5478000000 ---p 00000000 00:00 0 
7f5478000000-7f547be42000 rw-p 00000000 00:00 0 
7f547be42000-7f547c000000 ---p 00000000 00:00 0 
7f547c000000-7f547fd2c000 rw-p 00000000 00:00 0 
7f547fd2c000-7f5480000000 ---p 00000000 00:00 0 
7f5480000000-7f5483d1c000 rw-p 00000000 00:00 0 
7f5483d1c000-7f5484000000 ---p 00000000 00:00 0 
7f5484000000-7f5487c7a000 rw-p 00000000 00:00 0 
7f5487c7a000-7f5488000000 ---p 00000000 00:00 0 
7f5488000000-7f548bd21000 rw-p 00000000 00:00 0 
7f548bd21000-7f548c000000 ---p 00000000 00:00 0 
7f548c000000-7f548ffdc000 rw-p 00000000 00:00 0 
7f548ffdc000-7f5490000000 ---p 00000000 00:00 0 
7f5490000000-7f5493e96000 rw-p 00000000 00:00 0 
7f5493e96000-7f5494000000 ---p 00000000 00:00 0 
7f5494000000-7f5497e47000 rw-p 00000000 00:00 0 
7f5497e47000-7f5498000000 ---p 00000000 00:00 0 
7f5498000000-7f549be61000 rw-p 00000000 00:00 0 
7f549be61000-7f549c000000 ---p 00000000 00:00 0 
7f549c000000-7f549fef4000 rw-p 00000000 00:00 0 
7f549fef4000-7f54a0000000 ---p 00000000 00:00 0 
7f54a0000000-7f54a3f48000 rw-p 00000000 00:00 0 
7f54a3f48000-7f54a4000000 ---p 00000000 00:00 0 
7f54a4000000-7f54a7e82000 rw-p 00000000 00:00 0 
7f54a7e82000-7f54a8000000 ---p 00000000 00:00 0 
7f54a8067000-7f54a8467000 rw-s 2529a8000 00:05 18605                     /dev/nvidia0
7f54a8467000-7f54a8867000 rw-s 1bf388000 00:05 18605                     /dev/nvidia0
7f54a8867000-7f54a8c67000 rw-s 31f54d000 00:05 18605                     /dev/nvidia0
7f54a8c67000-7f54a9067000 rw-s 191091000 00:05 18605                     /dev/nvidia0
7f54a9067000-7f54a9467000 rw-s 20892c000 00:05 18605                     /dev/nvidia0
7f54a9467000-7f54a9867000 rw-s 2f3d85000 00:05 18605                     /dev/nvidia0
7f54a9867000-7f54a9c67000 rw-s 2e1bdc000 00:05 18605                     /dev/nvidia0
7f54a9c67000-7f54ac000000 rw-p 00000000 00:00 0 
7f54ac000000-7f54afe5a000 rw-p 00000000 00:00 0 
7f54afe5a000-7f54b0000000 ---p 00000000 00:00 0 
7f54b0000000-7f54b3f1e000 rw-p 00000000 00:00 0 
7f54b3f1e000-7f54b4000000 ---p 00000000 00:00 0 
7f54b4000000-7f54b7e55000 rw-p 00000000 00:00 0 
7f54b7e55000-7f54b8000000 ---p 00000000 00:00 0 
7f54b8000000-7f54bbe64000 rw-p 00000000 00:00 0 
7f54bbe64000-7f54bc000000 ---p 00000000 00:00 0 
7f54bc000000-7f54bfde1000 rw-p 00000000 00:00 0 
7f54bfde1000-7f54c0000000 ---p 00000000 00:00 0 
7f54c0000000-7f54c3ea1000 rw-p 00000000 00:00 0 
7f54c3ea1000-7f54c4000000 ---p 00000000 00:00 0 
7f54c4000000-7f54c7f2d000 rw-p 00000000 00:00 0 
7f54c7f2d000-7f54c8000000 ---p 00000000 00:00 0 
7f54c8000000-7f54cbf38000 rw-p 00000000 00:00 0 
7f54cbf38000-7f54cc000000 ---p 00000000 00:00 0 
7f54cc000000-7f54cff5b000 rw-p 00000000 00:00 0 
7f54cff5b000-7f54d0000000 ---p 00000000 00:00 0 
7f54d0000000-7f54d3f2e000 rw-p 00000000 00:00 0 
7f54d3f2e000-7f54d4000000 ---p 00000000 00:00 0 
7f54d4000000-7f54d7f4d000 rw-p 00000000 00:00 0 
7f54d7f4d000-7f54d8000000 ---p 00000000 00:00 0 
7f54d8000000-7f54dbf4e000 rw-p 00000000 00:00 0 
7f54dbf4e000-7f54dc000000 ---p 00000000 00:00 0 
7f54dc000000-7f54dfea2000 rw-p 00000000 00:00 0 
7f54dfea2000-7f54e0000000 ---p 00000000 00:00 0 
7f54e0000000-7f54e3dff000 rw-p 00000000 00:00 0 
7f54e3dff000-7f54e4000000 ---p 00000000 00:00 0 
7f54e4000000-7f54e7e3f000 rw-p 00000000 00:00 0 
7f54e7e3f000-7f54e8000000 ---p 00000000 00:00 0 
7f54e8000000-7f54ebf24000 rw-p 00000000 00:00 0 
7f54ebf24000-7f54ec000000 ---p 00000000 00:00 0 
7f54ec000000-7f54efe00000 rw-p 00000000 00:00 0 
7f54efe00000-7f54f0000000 ---p 00000000 00:00 0 
7f54f0000000-7f54f3f42000 rw-p 00000000 00:00 0 
7f54f3f42000-7f54f4000000 ---p 00000000 00:00 0 
7f54f4000000-7f54f7f0e000 rw-p 00000000 00:00 0 
7f54f7f0e000-7f54f8000000 ---p 00000000 00:00 0 
7f54f8000000-7f54fbe8f000 rw-p 00000000 00:00 0 
7f54fbe8f000-7f54fc000000 ---p 00000000 00:00 0 
7f54fc000000-7f54ffe58000 rw-p 00000000 00:00 0 
7f54ffe58000-7f5500000000 ---p 00000000 00:00 0 
7f5500000000-7f5503f2e000 rw-p 00000000 00:00 0 
7f5503f2e000-7f5504000000 ---p 00000000 00:00 0 
7f5504000000-7f5507d43000 rw-p 00000000 00:00 0 
7f5507d43000-7f5508000000 ---p 00000000 00:00 0 
7f5508000000-7f550bd88000 rw-p 00000000 00:00 0 
7f550bd88000-7f550c000000 ---p 00000000 00:00 0 
7f550c000000-7f550fdde000 rw-p 00000000 00:00 0 
7f550fdde000-7f5510000000 ---p 00000000 00:00 0 
7f5510067000-7f5510467000 rw-s 23624a000 00:05 18605                     /dev/nvidia0
7f5510467000-7f5510867000 rw-s 3030e0000 00:05 18605                     /dev/nvidia0
7f5510867000-7f5510c67000 rw-s 3bb169000 00:05 18605                     /dev/nvidia0
7f5510c67000-7f5511067000 rw-s 13ed79000 00:05 15621                     /dev/nvidia1
7f5511067000-7f5511467000 rw-s 10280d000 00:05 18605                     /dev/nvidia0
7f5511467000-7f5511867000 rw-s 3370c5000 00:05 15621                     /dev/nvidia1
7f5511867000-7f5511c67000 rw-s 1d9059000 00:05 15621                     /dev/nvidia1
7f5511c67000-7f5514000000 rw-p 00000000 00:00 0 
7f5514000000-7f5517dea000 rw-p 00000000 00:00 0 
7f5517dea000-7f5518000000 ---p 00000000 00:00 0 
7f5518000000-7f551bcdb000 rw-p 00000000 00:00 0 
7f551bcdb000-7f551c000000 ---p 00000000 00:00 0 
7f551c000000-7f551ffdb000 rw-p 00000000 00:00 0 
7f551ffdb000-7f5520000000 ---p 00000000 00:00 0 
7f5520000000-7f5523f37000 rw-p 00000000 00:00 0 
7f5523f37000-7f5524000000 ---p 00000000 00:00 0 
7f5524000000-7f5527e21000 rw-p 00000000 00:00 0 
7f5527e21000-7f5528000000 ---p 00000000 00:00 0 
7f5528000000-7f552bcd8000 rw-p 00000000 00:00 0 
7f552bcd8000-7f552c000000 ---p 00000000 00:00 0 
7f552c000000-7f552fe55000 rw-p 00000000 00:00 0 
7f552fe55000-7f5530000000 ---p 00000000 00:00 0 
7f5530000000-7f5533f1a000 rw-p 00000000 00:00 0 
7f5533f1a000-7f5534000000 ---p 00000000 00:00 0 
7f5534000000-7f5537cf1000 rw-p 00000000 00:00 0 
7f5537cf1000-7f5538000000 ---p 00000000 00:00 0 
7f5538000000-7f553bfec000 rw-p 00000000 00:00 0 
7f553bfec000-7f553c000000 ---p 00000000 00:00 0 
7f553c000000-7f553fef6000 rw-p 00000000 00:00 0 
7f553fef6000-7f5540000000 ---p 00000000 00:00 0 
7f5540000000-7f5543f0a000 rw-p 00000000 00:00 0 
7f5543f0a000-7f5544000000 ---p 00000000 00:00 0 
7f5544000000-7f5547ec4000 rw-p 00000000 00:00 0 
7f5547ec4000-7f5548000000 ---p 00000000 00:00 0 
7f5548000000-7f554bcf3000 rw-p 00000000 00:00 0 
7f554bcf3000-7f554c000000 ---p 00000000 00:00 0 
7f554c000000-7f554feed000 rw-p 00000000 00:00 0 
7f554feed000-7f5550000000 ---p 00000000 00:00 0 
7f5550000000-7f5553eee000 rw-p 00000000 00:00 0 
7f5553eee000-7f5554000000 ---p 00000000 00:00 0 
7f5554000000-7f5557f5e000 rw-p 00000000 00:00 0 
7f5557f5e000-7f5558000000 ---p 00000000 00:00 0 
7f5558000000-7f555bef3000 rw-p 00000000 00:00 0 
7f555bef3000-7f555c000000 ---p 00000000 00:00 0 
7f555c000000-7f555ff49000 rw-p 00000000 00:00 0 
7f555ff49000-7f5560000000 ---p 00000000 00:00 0 
7f5560000000-7f5563fe1000 rw-p 00000000 00:00 0 
7f5563fe1000-7f5564000000 ---p 00000000 00:00 0 
7f5564000000-7f5567f49000 rw-p 00000000 00:00 0 
7f5567f49000-7f5568000000 ---p 00000000 00:00 0 
7f55681dc000-7f55685dc000 rw-s 2c725a000 00:05 15621                     /dev/nvidia1
7f55685dc000-7f55689dc000 rw-s 2b3851000 00:05 15621                     /dev/nvidia1
7f55689dc000-7f5568ddc000 rw-s 250920000 00:05 15621                     /dev/nvidia1
7f5568ddc000-7f55691dc000 rw-s 403aeb000 00:05 15621                     /dev/nvidia1
7f55691dc000-7f55695dc000 rw-s 31a4d2000 00:05 18605                     /dev/nvidia0
7f55695dc000-7f5588000000 rw-p 00000000 00:00 0 
7f5588000000-7f558bf64000 rw-p 00000000 00:00 0 
7f558bf64000-7f558c000000 ---p 00000000 00:00 0 
7f558c122000-7f558c522000 rw-s 3e1003000 00:05 15621                     /dev/nvidia1
7f558c522000-7f558c922000 rw-s 2d5140000 00:05 15621                     /dev/nvidia1
7f558c922000-7f558cd22000 rw-s 33db40000 00:05 15621                     /dev/nvidia1
7f558cd22000-7f558d122000 rw-s 2cbda1000 00:05 15621                     /dev/nvidia1
7f558d122000-7f558d522000 rw-s 7d6dd000 00:05 15621                      /dev/nvidia1
7f558d522000-7f558d922000 rw-s 304362000 00:05 15621                     /dev/nvidia1
7f558d922000-7f558dd22000 rw-s 3807f4000 00:05 15621                     /dev/nvidia1
7f558dd22000-7f5590000000 rw-p 00000000 00:00 0 
7f5590000000-7f559351f000 rw-p 00000000 00:00 0 
7f559351f000-7f5594000000 ---p 00000000 00:00 0 
7f5594000000-7f5597d08000 rw-p 00000000 00:00 0 
7f5597d08000-7f5598000000 ---p 00000000 00:00 0 
7f5598000000-7f559b1ff000 rw-p 00000000 00:00 0 
7f559b1ff000-7f559c000000 ---p 00000000 00:00 0 
7f559c000000-7f559f83f000 rw-p 00000000 00:00 0 
7f559f83f000-7f55a0000000 ---p 00000000 00:00 0 
7f55a0000000-7f55a34eb000 rw-p 00000000 00:00 0 
7f55a34eb000-7f55a4000000 ---p 00000000 00:00 0 
7f55a4000000-7f55a74eb000 rw-p 00000000 00:00 0 
7f55a74eb000-7f55a8000000 ---p 00000000 00:00 0 
7f55a8000000-7f55ab1ce000 rw-p 00000000 00:00 0 
7f55ab1ce000-7f55ac000000 ---p 00000000 00:00 0 
7f55ac000000-7f55afe41000 rw-p 00000000 00:00 0 
7f55afe41000-7f55b0000000 ---p 00000000 00:00 0 
7f55b0000000-7f55b3112000 rw-p 00000000 00:00 0 
7f55b3112000-7f55b4000000 ---p 00000000 00:00 0 
7f55b4000000-7f55b7112000 rw-p 00000000 00:00 0 
7f55b7112000-7f55b8000000 ---p 00000000 00:00 0 
7f55b8000000-7f55bb112000 rw-p 00000000 00:00 0 
7f55bb112000-7f55bc000000 ---p 00000000 00:00 0 
7f55bc000000-7f55bf112000 rw-p 00000000 00:00 0 
7f55bf112000-7f55c0000000 ---p 00000000 00:00 0 
7f55c0000000-7f55c362c000 rw-p 00000000 00:00 0 
7f55c362c000-7f55c4000000 ---p 00000000 00:00 0 
7f55c4000000-7f55c795c000 rw-p 00000000 00:00 0 
7f55c795c000-7f55c8000000 ---p 00000000 00:00 0 
7f55c8000000-7f55cb2fd000 rw-p 00000000 00:00 0 
7f55cb2fd000-7f55cc000000 ---p 00000000 00:00 0 
7f55cc000000-7f55cfc8c000 rw-p 00000000 00:00 0 
7f55cfc8c000-7f55d0000000 ---p 00000000 00:00 0 
7f55d0000000-7f55d3614000 rw-p 00000000 00:00 0 
7f55d3614000-7f55d4000000 ---p 00000000 00:00 0 
7f55d4000000-7f55d6c73000 rw-p 00000000 00:00 0 
7f55d6c73000-7f55d8000000 ---p 00000000 00:00 0 
7f55d8000000-7f55dbc71000 rw-p 00000000 00:00 0 
7f55dbc71000-7f55dc000000 ---p 00000000 00:00 0 
7f55dc000000-7f55dfc71000 rw-p 00000000 00:00 0 
7f55dfc71000-7f55e0000000 ---p 00000000 00:00 0 
7f55e0000000-7f55e3002000 rw-p 00000000 00:00 0 
7f55e3002000-7f55e4000000 ---p 00000000 00:00 0 
7f55e4000000-7f55e75b0000 rw-p 00000000 00:00 0 
7f55e75b0000-7f55e8000000 ---p 00000000 00:00 0 
7f55e8000000-7f55eb5a8000 rw-p 00000000 00:00 0 
7f55eb5a8000-7f55ec000000 ---p 00000000 00:00 0 
7f55ec000000-7f55ef87b000 rw-p 00000000 00:00 0 
7f55ef87b000-7f55f0000000 ---p 00000000 00:00 0 
7f55f0000000-7f55f390e000 rw-p 00000000 00:00 0 
7f55f390e000-7f55f4000000 ---p 00000000 00:00 0 
7f55f4000000-7f55f796e000 rw-p 00000000 00:00 0 
7f55f796e000-7f55f8000000 ---p 00000000 00:00 0 
7f55f8000000-7f55fad35000 rw-p 00000000 00:00 0 
7f55fad35000-7f55fc000000 ---p 00000000 00:00 0 
7f55fc000000-7f55ff90e000 rw-p 00000000 00:00 0 
7f55ff90e000-7f5600000000 ---p 00000000 00:00 0 
7f5600000000-7f5603b85000 rw-p 00000000 00:00 0 
7f5603b85000-7f5604000000 ---p 00000000 00:00 0 
7f5604000000-7f5607de7000 rw-p 00000000 00:00 0 
7f5607de7000-7f5608000000 ---p 00000000 00:00 0 
7f5608000000-7f560bd36000 rw-p 00000000 00:00 0 
7f560bd36000-7f560c000000 ---p 00000000 00:00 0 
7f560c122000-7f560c522000 rw-s 11d8d0000 00:05 15621                     /dev/nvidia1
7f560c522000-7f560c922000 rw-s 134d1e000 00:05 15621                     /dev/nvidia1
7f560c922000-7f560cd22000 rw-s 34e72e000 00:05 15621                     /dev/nvidia1
7f560cd22000-7f560d122000 rw-s 2a69b4000 00:05 15621                     /dev/nvidia1
7f560d122000-7f560d522000 rw-s 1b2586000 00:05 15621                     /dev/nvidia1
7f560d522000-7f560d922000 rw-s 23a21e000 00:05 15621                     /dev/nvidia1
7f560d922000-7f560dd22000 rw-s 3ab514000 00:05 15621                     /dev/nvidia1
7f560dd22000-7f5610000000 rw-p 00000000 00:00 0 
7f5610000000-7f5613b82000 rw-p 00000000 00:00 0 
7f5613b82000-7f5614000000 ---p 00000000 00:00 0 
7f5614000000-7f5617dcc000 rw-p 00000000 00:00 0 
7f5617dcc000-7f5618000000 ---p 00000000 00:00 0 
7f5618000000-7f561b8fe000 rw-p 00000000 00:00 0 
7f561b8fe000-7f561c000000 ---p 00000000 00:00 0 
7f561c000000-7f561fa5c000 rw-p 00000000 00:00 0 
7f561fa5c000-7f5620000000 ---p 00000000 00:00 0 
7f5620000000-7f5623a9e000 rw-p 00000000 00:00 0 
7f5623a9e000-7f5624000000 ---p 00000000 00:00 0 
7f5624000000-7f5627d73000 rw-p 00000000 00:00 0 
7f5627d73000-7f5628000000 ---p 00000000 00:00 0 
7f5628000000-7f562b867000 rw-p 00000000 00:00 0 
7f562b867000-7f562c000000 ---p 00000000 00:00 0 
7f562c000000-7f562fa7b000 rw-p 00000000 00:00 0 
7f562fa7b000-7f5630000000 ---p 00000000 00:00 0 
7f5630000000-7f5633a29000 rw-p 00000000 00:00 0 
7f5633a29000-7f5634000000 ---p 00000000 00:00 0 
7f5634000000-7f5637bdf000 rw-p 00000000 00:00 0 
7f5637bdf000-7f5638000000 ---p 00000000 00:00 0 
7f5638000000-7f563bb0f000 rw-p 00000000 00:00 0 
7f563bb0f000-7f563c000000 ---p 00000000 00:00 0 
7f563c3f0000-7f563c7f0000 rw-s 28e228000 00:05 15621                     /dev/nvidia1
7f563c7f0000-7f563cbf0000 rw-s 4008aa000 00:05 15621                     /dev/nvidia1
7f563cbf0000-7f563cff0000 rw-s 1099b9000 00:05 15621                     /dev/nvidia1
7f563cff0000-7f563d3f0000 rw-s 2d5626000 00:05 15621                     /dev/nvidia1
7f563d3f0000-7f563d7f0000 rw-s 174e26000 00:05 15621                     /dev/nvidia1
7f563d7f0000-7f5650000000 rw-p 00000000 00:00 0 
7f5650000000-7f5650021000 rw-p 00000000 00:00 0 
7f5650021000-7f5654000000 ---p 00000000 00:00 0 
7f56541a2000-7f56545a2000 rw-s 91145000 00:05 15621                      /dev/nvidia1
7f56545a2000-7f5658000000 rw-p 00000000 00:00 0 
7f5658000000-7f565bdf9000 rw-p 00000000 00:00 0 
7f565bdf9000-7f565c000000 ---p 00000000 00:00 0 
7f565c16c000-7f5664000000 rw-p 00000000 00:00 0 
7f5664000000-7f5667f32000 rw-p 00000000 00:00 0 
7f5667f32000-7f5668000000 ---p 00000000 00:00 0 
7f56680b6000-7f566c000000 rw-p 00000000 00:00 0 
7f566c000000-7f566c379000 rw-p 00000000 00:00 0 
7f566c379000-7f5670000000 ---p 00000000 00:00 0 
7f5670000000-7f56707a5000 rw-p 00000000 00:00 0 
7f56707a5000-7f5674000000 ---p 00000000 00:00 0 
7f5674000000-7f567434d000 rw-p 00000000 00:00 0 
7f567434d000-7f5678000000 ---p 00000000 00:00 0 
7f5678000000-7f5678021000 rw-p 00000000 00:00 0 
7f5678021000-7f567c000000 ---p 00000000 00:00 0 
7f567c000000-7f567c083000 rw-p 00000000 00:00 0 
7f567c083000-7f5680000000 ---p 00000000 00:00 0 
7f5680000000-7f5680021000 rw-p 00000000 00:00 0 
7f5680021000-7f5684000000 ---p 00000000 00:00 0 
7f5684000000-7f5684027000 rw-p 00000000 00:00 0 
7f5684027000-7f5688000000 ---p 00000000 00:00 0 
7f5688000000-7f5688021000 rw-p 00000000 00:00 0 
7f5688021000-7f568c000000 ---p 00000000 00:00 0 
7f568c000000-7f568c021000 rw-p 00000000 00:00 0 
7f568c021000-7f5690000000 ---p 00000000 00:00 0 
7f5690000000-7f5690021000 rw-p 00000000 00:00 0 
7f5690021000-7f5694000000 ---p 00000000 00:00 0 
7f5694000000-7f56955a4000 rw-p 00000000 00:00 0 
7f56955a4000-7f5698000000 ---p 00000000 00:00 0 
7f5698000000-7f5698021000 rw-p 00000000 00:00 0 
7f5698021000-7f569c000000 ---p 00000000 00:00 0 
7f569c000000-7f569c021000 rw-p 00000000 00:00 0 
7f569c021000-7f56a0000000 ---p 00000000 00:00 0 
7f56a0000000-7f56a1a38000 rw-p 00000000 00:00 0 
7f56a1a38000-7f56a4000000 ---p 00000000 00:00 0 
7f56a4000000-7f56a4021000 rw-p 00000000 00:00 0 
7f56a4021000-7f56a8000000 ---p 00000000 00:00 0 
7f56a8000000-7f56a8021000 rw-p 00000000 00:00 0 
7f56a8021000-7f56ac000000 ---p 00000000 00:00 0 
7f56ac000000-7f56ac2d5000 rw-p 00000000 00:00 0 
7f56ac2d5000-7f56b0000000 ---p 00000000 00:00 0 
7f56b0060000-7f56b8000000 rw-p 00000000 00:00 0 
7f56b8000000-7f56b8021000 rw-p 00000000 00:00 0 
7f56b8021000-7f56bc000000 ---p 00000000 00:00 0 
7f56bc049000-7f56bc449000 rw-s 358825000 00:05 15621                     /dev/nvidia1
7f56bc449000-7f56bf817000 rw-p 00000000 00:00 0 
7f56bf817000-7f56c0000000 rw-s 12e86e000 00:05 18605                     /dev/nvidia0
7f56c0000000-7f56c0021000 rw-p 00000000 00:00 0 
7f56c0021000-7f56c4000000 ---p 00000000 00:00 0 
7f56c40a8000-7f56c44a8000 rw-s 362e35000 00:05 18605                     /dev/nvidia0
7f56c44a8000-7f56c547c000 rw-p 00000000 00:00 0 
7f56c5765000-7f56c5768000 ---p 00000000 00:00 0 
7f56c5768000-7f56c5866000 rw-p 00000000 00:00 0 
7f56c5866000-7f56c5c66000 rw-s 28be1f000 00:05 18605                     /dev/nvidia0
7f56c5c66000-7f56c7c0b000 rw-p 00000000 00:00 0 
7f56c7cd2000-7f56c7cd5000 ---p 00000000 00:00 0 
7f56c7cd5000-7f56c7dd3000 rw-p 00000000 00:00 0 
7f56c7dd3000-7f56c7dfd000 r-xp 00000000 08:01 1182045                    /opt/jdk1.7.0_51/jre/lib/amd64/libdcpr.so
7f56c7dfd000-7f56c7ffd000 ---p 0002a000 08:01 1182045                    /opt/jdk1.7.0_51/jre/lib/amd64/libdcpr.so
7f56c7ffd000-7f56c8000000 rw-p 0002a000 08:01 1182045                    /opt/jdk1.7.0_51/jre/lib/amd64/libdcpr.so
7f56c8000000-7f56c8021000 rw-p 00000000 00:00 0 
7f56c8021000-7f56cc000000 ---p 00000000 00:00 0 
7f56cc0b6000-7f56d0000000 rw-p 00000000 00:00 0 
7f56d0000000-7f56d0021000 rw-p 00000000 00:00 0 
7f56d0021000-7f56d4000000 ---p 00000000 00:00 0 
7f56d40b6000-7f56d8000000 rw-p 00000000 00:00 0 
7f56d8000000-7f56d8021000 rw-p 00000000 00:00 0 
7f56d8021000-7f56dc000000 ---p 00000000 00:00 0 
7f56dc0b6000-7f56e0000000 rw-p 00000000 00:00 0 
7f56e0000000-7f56e0021000 rw-p 00000000 00:00 0 
7f56e0021000-7f56e4000000 ---p 00000000 00:00 0 
7f56e40b6000-7f56e8000000 rw-p 00000000 00:00 0 
7f56e8000000-7f56e8025000 rw-p 00000000 00:00 0 
7f56e8025000-7f56ec000000 ---p 00000000 00:00 0 
7f56ec07e000-7f56ec47e000 rw-s 43029f000 00:05 15621                     /dev/nvidia1
7f56ec47e000-7f56ec67e000 rw-s 253339000 00:05 15621                     /dev/nvidia1
7f56ec67e000-7f56ec681000 ---p 00000000 00:00 0 
7f56ec681000-7f56ec77f000 rw-p 00000000 00:00 0 
7f56ec77f000-7f56ecb7f000 rw-s 3f3764000 00:05 18605                     /dev/nvidia0
7f56ecb7f000-7f56ecd7f000 rw-s 349a3b000 00:05 18605                     /dev/nvidia0
7f56ecd7f000-7f56ecd82000 ---p 00000000 00:00 0 
7f56ecd82000-7f56ece80000 rw-p 00000000 00:00 0 
7f56ece80000-7f56ed669000 rw-s 28ac76000 00:05 15621                     /dev/nvidia1
7f56ed669000-7f56ed769000 rw-s 34db61000 00:05 15621                     /dev/nvidia1
7f56ed769000-7f56ed869000 rw-s 426eee000 00:05 18605                     /dev/nvidia0
7f56ed90e000-7f56ed915000 r--s 00000000 08:01 2566323                    /usr/lib/x86_64-linux-gnu/gconv/gconv-modules.cache
7f56eda70000-7f56edb15000 rw-s 00000000 00:04 11272212                   /SYSV00000000 (deleted)
7f56edb15000-7f56edb18000 ---p 00000000 00:00 0 
7f56edb18000-7f56edc16000 rw-p 00000000 00:00 0 
7f56edc16000-7f56ef5e6000 r-xp 00000000 08:01 2770691                    /usr/lib/nvidia-304/libnvidia-glcore.so.304.116
7f56ef5e6000-7f56ef7e5000 ---p 019d0000 08:01 2770691                    /usr/lib/nvidia-304/libnvidia-glcore.so.304.116
7f56ef7e5000-7f56effe6000 rwxp 019cf000 08:01 2770691                    /usr/lib/nvidia-304/libnvidia-glcore.so.304.116
7f56effe6000-7f56f0000000 rwxp 00000000 00:00 0 
7f56f0000000-7f56f0021000 rw-p 00000000 00:00 0 
7f56f0021000-7f56f4000000 ---p 00000000 00:00 0 
7f56f406a000-7f56f40aa000 rw-s 39cc9d000 00:05 15621                     /dev/nvidia1
7f56f40aa000-7f56f40b1000 r-xp 00000000 08:01 2243279                    /usr/lib/x86_64-linux-gnu/libXrandr.so.2.2.0
7f56f40b1000-7f56f42b0000 ---p 00007000 08:01 2243279                    /usr/lib/x86_64-linux-gnu/libXrandr.so.2.2.0
7f56f42b0000-7f56f42b1000 r--p 00006000 08:01 2243279                    /usr/lib/x86_64-linux-gnu/libXrandr.so.2.2.0
7f56f42b1000-7f56f42b2000 rw-p 00007000 08:01 2243279                    /usr/lib/x86_64-linux-gnu/libXrandr.so.2.2.0
7f56f42b2000-7f56f42bf000 r-xp 00000000 08:01 2113925                    /tmp/jogamp_0000/file_cache/jln8075632111543576188/jln8765625385922437969/libnewt.so
7f56f42bf000-7f56f44be000 ---p 0000d000 08:01 2113925                    /tmp/jogamp_0000/file_cache/jln8075632111543576188/jln8765625385922437969/libnewt.so
7f56f44be000-7f56f44bf000 rw-p 0000c000 08:01 2113925                    /tmp/jogamp_0000/file_cache/jln8075632111543576188/jln8765625385922437969/libnewt.so
7f56f44bf000-7f56f46bf000 rw-s 263062000 00:05 15621                     /dev/nvidia1
7f56f46bf000-7f56f46c1000 rw-p 00000000 00:00 0 
7f56f46c1000-7f56f48c1000 rw-s 4145b8000 00:05 18605                     /dev/nvidia0
7f56f48c1000-7f56f4ac1000 rw-s 4385f0000 00:05 15621                     /dev/nvidia1
7f56f4ac1000-7f56f4cc1000 rw-s 43e3cb000 00:05 15621                     /dev/nvidia1
7f56f4cc1000-7f56f4dc1000 rw-s 4303be000 00:05 15621                     /dev/nvidia1
7f56f4dc1000-7f56f4dc5000 rw-s 331fd3000 00:05 15621                     /dev/nvidia1
7f56f4dc5000-7f56f4de5000 rw-s d0080000 00:05 15621                      /dev/nvidia1
7f56f4de5000-7f56f4e25000 rw-s 304b98000 00:05 15621                     /dev/nvidia1
7f56f4e25000-7f56f4e45000 rw-s 2abbb2000 00:05 15621                     /dev/nvidia1
7f56f4e45000-7f56f4e46000 rw-s d7d60000 00:05 15621                      /dev/nvidia1
7f56f4e46000-7f56f4e86000 rw-s 413ad1000 00:05 15621                     /dev/nvidia1
7f56f4e86000-7f56f4ea6000 rw-s 3ec873000 00:05 15621                     /dev/nvidia1
7f56f4ea6000-7f56f50a6000 rw-s 4400e0000 00:05 18605                     /dev/nvidia0
7f56f50a6000-7f56f52a6000 rw-s 3992bc000 00:05 18605                     /dev/nvidia0
7f56f52a6000-7f56f53a6000 rw-s 43b1ba000 00:05 18605                     /dev/nvidia0
7f56f53a6000-7f56f53c6000 rw-s e0080000 00:05 18605                      /dev/nvidia0
7f56f53c6000-7f56f53c7000 rw-s e7d60000 00:05 18605                      /dev/nvidia0
7f56f53c7000-7f56f5407000 rw-s 4302cd000 00:05 18605                     /dev/nvidia0
7f56f5407000-7f56f5447000 rw-s 438449000 00:05 18605                     /dev/nvidia0
7f56f5450000-7f56f5470000 rw-s d00c0000 00:05 15621                      /dev/nvidia1
7f56f5470000-7f56f5490000 rw-s 3e59a3000 00:05 15621                     /dev/nvidia1
7f56f5490000-7f56f54d0000 rw-s 295c15000 00:05 15621                     /dev/nvidia1
7f56f54f0000-7f56f5510000 rw-s e00c0000 00:05 18605                      /dev/nvidia0
7f56f5510000-7f56f5512000 r-xp 00000000 08:01 2243275                    /usr/lib/x86_64-linux-gnu/libXinerama.so.1.0.0
7f56f5512000-7f56f5711000 ---p 00002000 08:01 2243275                    /usr/lib/x86_64-linux-gnu/libXinerama.so.1.0.0
7f56f5711000-7f56f5712000 r--p 00001000 08:01 2243275                    /usr/lib/x86_64-linux-gnu/libXinerama.so.1.0.0
7f56f5712000-7f56f5713000 rw-p 00002000 08:01 2243275                    /usr/lib/x86_64-linux-gnu/libXinerama.so.1.0.0
7f56f5713000-7f56f5716000 ---p 00000000 00:00 0 
7f56f5716000-7f56f5814000 rw-p 00000000 00:00 0 
7f56f5814000-7f56f58a1000 r-xp 00000000 08:01 2113796                    /tmp/jogamp_0000/file_cache/jln8075632111543576188/jln8765625385922437969/libjogl_desktop.so
7f56f58a1000-7f56f5aa0000 ---p 0008d000 08:01 2113796                    /tmp/jogamp_0000/file_cache/jln8075632111543576188/jln8765625385922437969/libjogl_desktop.so
7f56f5aa0000-7f56f5aa1000 rw-p 0008c000 08:01 2113796                    /tmp/jogamp_0000/file_cache/jln8075632111543576188/jln8765625385922437969/libjogl_desktop.so
7f56f5aa1000-7f56f5aa4000 r-xp 00000000 08:01 2770699                    /usr/lib/nvidia-304/tls/libnvidia-tls.so.304.116
7f56f5aa4000-7f56f5ca3000 ---p 00003000 08:01 2770699                    /usr/lib/nvidia-304/tls/libnvidia-tls.so.304.116
7f56f5ca3000-7f56f5ca4000 rw-p 00002000 08:01 2770699                    /usr/lib/nvidia-304/tls/libnvidia-tls.so.304.116
7f56f5ca4000-7f56f5d6e000 r-xp 00000000 08:01 2754152                    /usr/lib/nvidia-304/libGL.so.304.116
7f56f5d6e000-7f56f5f6e000 ---p 000ca000 08:01 2754152                    /usr/lib/nvidia-304/libGL.so.304.116
7f56f5f6e000-7f56f5fab000 rwxp 000ca000 08:01 2754152                    /usr/lib/nvidia-304/libGL.so.304.116
7f56f5fab000-7f56f5fc1000 rwxp 00000000 00:00 0 
7f56f5fc1000-7f56f5fc8000 r-xp 00000000 08:01 2113924                    /tmp/jogamp_0000/file_cache/jln8075632111543576188/jln8765625385922437969/libnativewindow_x11.so
7f56f5fc8000-7f56f61c7000 ---p 00007000 08:01 2113924                    /tmp/jogamp_0000/file_cache/jln8075632111543576188/jln8765625385922437969/libnativewindow_x11.so
7f56f61c7000-7f56f61c8000 rw-p 00006000 08:01 2113924                    /tmp/jogamp_0000/file_cache/jln8075632111543576188/jln8765625385922437969/libnativewindow_x11.so
7f56f61c8000-7f56f61cc000 r-xp 00000000 08:01 2239694                    /usr/lib/x86_64-linux-gnu/libXxf86vm.so.1.0.0
7f56f61cc000-7f56f63cb000 ---p 00004000 08:01 2239694                    /usr/lib/x86_64-linux-gnu/libXxf86vm.so.1.0.0
7f56f63cb000-7f56f63cc000 r--p 00003000 08:01 2239694                    /usr/lib/x86_64-linux-gnu/libXxf86vm.so.1.0.0
7f56f63cc000-7f56f63cd000 rw-p 00004000 08:01 2239694                    /usr/lib/x86_64-linux-gnu/libXxf86vm.so.1.0.0
7f56f63cd000-7f56f63cf000 r-xp 00000000 08:01 2113798                    /tmp/jogamp_0000/file_cache/jln8075632111543576188/jln8765625385922437969/libnativewindow_awt.so
7f56f63cf000-7f56f65ce000 ---p 00002000 08:01 2113798                    /tmp/jogamp_0000/file_cache/jln8075632111543576188/jln8765625385922437969/libnativewindow_awt.so
7f56f65ce000-7f56f65cf000 rw-p 00001000 08:01 2113798                    /tmp/jogamp_0000/file_cache/jln8075632111543576188/jln8765625385922437969/libnativewindow_awt.so
7f56f65cf000-7f56f65d0000 r-xp 00000000 08:01 1182047                    /opt/jdk1.7.0_51/jre/lib/amd64/libjawt.so
7f56f65d0000-7f56f67cf000 ---p 00001000 08:01 1182047                    /opt/jdk1.7.0_51/jre/lib/amd64/libjawt.so
7f56f67cf000-7f56f67d0000 rw-p 00000000 08:01 1182047                    /opt/jdk1.7.0_51/jre/lib/amd64/libjawt.so
7f56f67d0000-7f56f67d2000 r-xp 00000000 08:01 2097175                    /tmp/jogamp_0000/file_cache/jln8075632111543576188/jln8765625385922437969/libgluegen-rt.so
7f56f67d2000-7f56f69d1000 ---p 00002000 08:01 2097175                    /tmp/jogamp_0000/file_cache/jln8075632111543576188/jln8765625385922437969/libgluegen-rt.so
7f56f69d1000-7f56f69d2000 rw-p 00001000 08:01 2097175                    /tmp/jogamp_0000/file_cache/jln8075632111543576188/jln8765625385922437969/libgluegen-rt.so
7f56f69d2000-7f56f69d5000 ---p 00000000 00:00 0 
7f56f69d5000-7f56f6ad3000 rw-p 00000000 00:00 0 
7f56f6ad3000-7f56f6ad6000 ---p 00000000 00:00 0 
7f56f6ad6000-7f56f6bd4000 rw-p 00000000 00:00 0 
7f56f6bd4000-7f56f6bd7000 ---p 00000000 00:00 0 
7f56f6bd7000-7f56f6cd5000 rw-p 00000000 00:00 0 
7f56f6cd5000-7f56f6d3d000 r-xp 00000000 08:01 1181979                    /opt/jdk1.7.0_51/jre/lib/amd64/libt2k.so
7f56f6d3d000-7f56f6f3d000 ---p 00068000 08:01 1181979                    /opt/jdk1.7.0_51/jre/lib/amd64/libt2k.so
7f56f6f3d000-7f56f6f44000 rw-p 00068000 08:01 1181979                    /opt/jdk1.7.0_51/jre/lib/amd64/libt2k.so
7f56f6f44000-7f56f6f54000 rw-p 00000000 00:00 0 
7f56f6f54000-7f56f6f69000 r-xp 00000000 08:01 2625144                    /lib/x86_64-linux-gnu/libgcc_s.so.1
7f56f6f69000-7f56f7168000 ---p 00015000 08:01 2625144                    /lib/x86_64-linux-gnu/libgcc_s.so.1
7f56f7168000-7f56f7169000 r--p 00014000 08:01 2625144                    /lib/x86_64-linux-gnu/libgcc_s.so.1
7f56f7169000-7f56f716a000 rw-p 00015000 08:01 2625144                    /lib/x86_64-linux-gnu/libgcc_s.so.1
7f56f716a000-7f56f71cf000 r-xp 00000000 08:01 1181962                    /opt/jdk1.7.0_51/jre/lib/amd64/libfontmanager.so
7f56f71cf000-7f56f73ce000 ---p 00065000 08:01 1181962                    /opt/jdk1.7.0_51/jre/lib/amd64/libfontmanager.so
7f56f73ce000-7f56f73d2000 rw-p 00064000 08:01 1181962                    /opt/jdk1.7.0_51/jre/lib/amd64/libfontmanager.so
7f56f73d2000-7f56f73e3000 rw-p 00000000 00:00 0 
7f56f73e3000-7f56f73e6000 ---p 00000000 00:00 0 
7f56f73e6000-7f56f74e4000 rw-p 00000000 00:00 0 
7f56f74e4000-7f56f74e7000 ---p 00000000 00:00 0 
7f56f74e7000-7f56f75e5000 rw-p 00000000 00:00 0 
7f56f75e5000-7f56f75e8000 ---p 00000000 00:00 0 
7f56f75e8000-7f56f76e6000 rw-p 00000000 00:00 0 
7f56f76e6000-7f56f76eb000 r-xp 00000000 08:01 2231182                    /usr/lib/x86_64-linux-gnu/libXfixes.so.3.1.0
7f56f76eb000-7f56f78ea000 ---p 00005000 08:01 2231182                    /usr/lib/x86_64-linux-gnu/libXfixes.so.3.1.0
7f56f78ea000-7f56f78eb000 r--p 00004000 08:01 2231182                    /usr/lib/x86_64-linux-gnu/libXfixes.so.3.1.0
7f56f78eb000-7f56f78ec000 rw-p 00005000 08:01 2231182                    /usr/lib/x86_64-linux-gnu/libXfixes.so.3.1.0
7f56f78ec000-7f56f78f5000 r-xp 00000000 08:01 2243273                    /usr/lib/x86_64-linux-gnu/libXcursor.so.1.0.2
7f56f78f5000-7f56f7af4000 ---p 00009000 08:01 2243273                    /usr/lib/x86_64-linux-gnu/libXcursor.so.1.0.2
7f56f7af4000-7f56f7af5000 r--p 00008000 08:01 2243273                    /usr/lib/x86_64-linux-gnu/libXcursor.so.1.0.2
7f56f7af5000-7f56f7af6000 rw-p 00009000 08:01 2243273                    /usr/lib/x86_64-linux-gnu/libXcursor.so.1.0.2
7f56f7af6000-7f56f7af9000 ---p 00000000 00:00 0 
7f56f7af9000-7f56f7bf7000 rw-p 00000000 00:00 0 
7f56f7bf7000-7f56f7bfc000 r-xp 00000000 08:01 2235865                    /usr/lib/x86_64-linux-gnu/libXdmcp.so.6.0.0
7f56f7bfc000-7f56f7dfb000 ---p 00005000 08:01 2235865                    /usr/lib/x86_64-linux-gnu/libXdmcp.so.6.0.0
7f56f7dfb000-7f56f7dfc000 r--p 00004000 08:01 2235865                    /usr/lib/x86_64-linux-gnu/libXdmcp.so.6.0.0
7f56f7dfc000-7f56f7dfd000 rw-p 00005000 08:01 2235865                    /usr/lib/x86_64-linux-gnu/libXdmcp.so.6.0.0
7f56f7dfd000-7f56f7dff000 r-xp 00000000 08:01 2235854                    /usr/lib/x86_64-linux-gnu/libXau.so.6.0.0
7f56f7dff000-7f56f7ffe000 ---p 00002000 08:01 2235854                    /usr/lib/x86_64-linux-gnu/libXau.so.6.0.0
7f56f7ffe000-7f56f7fff000 r--p 00001000 08:01 2235854                    /usr/lib/x86_64-linux-gnu/libXau.so.6.0.0
7f56f7fff000-7f56f8000000 rw-p 00002000 08:01 2235854                    /usr/lib/x86_64-linux-gnu/libXau.so.6.0.0
7f56f8000000-7f56f8021000 rw-p 00000000 00:00 0 
7f56f8021000-7f56fc000000 ---p 00000000 00:00 0 
7f56fc01f000-7f56fc020000 rw-s e7d61000 00:05 18605                      /dev/nvidia0
7f56fc020000-7f56fc060000 rw-s 3f3680000 00:05 18605                     /dev/nvidia0
7f56fc060000-7f56fc080000 rw-s 356fa2000 00:05 18605                     /dev/nvidia0
7f56fc080000-7f56fc0c0000 rw-s 430b32000 00:05 18605                     /dev/nvidia0
7f56fc0d6000-7f56fc0e0000 r--s 00250000 08:01 1181865                    /opt/jdk1.7.0_51/jre/lib/resources.jar
7f56fc0e0000-7f56fc0fd000 r-xp 00000000 08:01 2234436                    /usr/lib/x86_64-linux-gnu/libxcb.so.1.1.0
7f56fc0fd000-7f56fc2fc000 ---p 0001d000 08:01 2234436                    /usr/lib/x86_64-linux-gnu/libxcb.so.1.1.0
7f56fc2fc000-7f56fc2fd000 r--p 0001c000 08:01 2234436                    /usr/lib/x86_64-linux-gnu/libxcb.so.1.1.0
7f56fc2fd000-7f56fc2fe000 rw-p 0001d000 08:01 2234436                    /usr/lib/x86_64-linux-gnu/libxcb.so.1.1.0
7f56fc2fe000-7f56fc30d000 r-xp 00000000 08:01 2231191                    /usr/lib/x86_64-linux-gnu/libXi.so.6.1.0
7f56fc30d000-7f56fc50c000 ---p 0000f000 08:01 2231191                    /usr/lib/x86_64-linux-gnu/libXi.so.6.1.0
7f56fc50c000-7f56fc50d000 r--p 0000e000 08:01 2231191                    /usr/lib/x86_64-linux-gnu/libXi.so.6.1.0
7f56fc50d000-7f56fc50e000 rw-p 0000f000 08:01 2231191                    /usr/lib/x86_64-linux-gnu/libXi.so.6.1.0
7f56fc50e000-7f56fc513000 r-xp 00000000 08:01 2235888                    /usr/lib/x86_64-linux-gnu/libXtst.so.6.1.0
7f56fc513000-7f56fc712000 ---p 00005000 08:01 2235888                    /usr/lib/x86_64-linux-gnu/libXtst.so.6.1.0
7f56fc712000-7f56fc713000 r--p 00004000 08:01 2235888                    /usr/lib/x86_64-linux-gnu/libXtst.so.6.1.0
7f56fc713000-7f56fc714000 rw-p 00005000 08:01 2235888                    /usr/lib/x86_64-linux-gnu/libXtst.so.6.1.0
7f56fc714000-7f56fc71d000 r-xp 00000000 08:01 2243193                    /usr/lib/x86_64-linux-gnu/libXrender.so.1.3.0
7f56fc71d000-7f56fc91c000 ---p 00009000 08:01 2243193                    /usr/lib/x86_64-linux-gnu/libXrender.so.1.3.0
7f56fc91c000-7f56fc91d000 r--p 00008000 08:01 2243193                    /usr/lib/x86_64-linux-gnu/libXrender.so.1.3.0
7f56fc91d000-7f56fc91e000 rw-p 00009000 08:01 2243193                    /usr/lib/x86_64-linux-gnu/libXrender.so.1.3.0
7f56fc91e000-7f56fca4e000 r-xp 00000000 08:01 2235499                    /usr/lib/x86_64-linux-gnu/libX11.so.6.3.0
7f56fca4e000-7f56fcc4e000 ---p 00130000 08:01 2235499                    /usr/lib/x86_64-linux-gnu/libX11.so.6.3.0
7f56fcc4e000-7f56fcc4f000 r--p 00130000 08:01 2235499                    /usr/lib/x86_64-linux-gnu/libX11.so.6.3.0
7f56fcc4f000-7f56fcc53000 rw-p 00131000 08:01 2235499                    /usr/lib/x86_64-linux-gnu/libX11.so.6.3.0
7f56fcc53000-7f56fcc63000 r-xp 00000000 08:01 2243187                    /usr/lib/x86_64-linux-gnu/libXext.so.6.4.0
7f56fcc63000-7f56fce62000 ---p 00010000 08:01 2243187                    /usr/lib/x86_64-linux-gnu/libXext.so.6.4.0
7f56fce62000-7f56fce63000 r--p 0000f000 08:01 2243187                    /usr/lib/x86_64-linux-gnu/libXext.so.6.4.0
7f56fce63000-7f56fce64000 rw-p 00010000 08:01 2243187                    /usr/lib/x86_64-linux-gnu/libXext.so.6.4.0
7f56fce64000-7f56fceb4000 r-xp 00000000 08:01 1181965                    /opt/jdk1.7.0_51/jre/lib/amd64/xawt/libmawt.so
7f56fceb4000-7f56fd0b4000 ---p 00050000 08:01 1181965                    /opt/jdk1.7.0_51/jre/lib/amd64/xawt/libmawt.so
7f56fd0b4000-7f56fd0b8000 rw-p 00050000 08:01 1181965                    /opt/jdk1.7.0_51/jre/lib/amd64/xawt/libmawt.so
7f56fd0b8000-7f56fd0b9000 rw-p 00000000 00:00 0 
7f56fd0b9000-7f56fd15b000 r-xp 00000000 08:01 1181973                    /opt/jdk1.7.0_51/jre/lib/amd64/libawt.so
7f56fd15b000-7f56fd35b000 ---p 000a2000 08:01 1181973                    /opt/jdk1.7.0_51/jre/lib/amd64/libawt.so
7f56fd35b000-7f56fd367000 rw-p 000a2000 08:01 1181973                    /opt/jdk1.7.0_51/jre/lib/amd64/libawt.so
7f56fd367000-7f56fd38b000 rw-p 00000000 00:00 0 
7f56fd38b000-7f56fd3a1000 r-xp 00000000 08:01 1181984                    /opt/jdk1.7.0_51/jre/lib/amd64/libnet.so
7f56fd3a1000-7f56fd5a1000 ---p 00016000 08:01 1181984                    /opt/jdk1.7.0_51/jre/lib/amd64/libnet.so
7f56fd5a1000-7f56fd5a2000 rw-p 00016000 08:01 1181984                    /opt/jdk1.7.0_51/jre/lib/amd64/libnet.so
7f56fd5a2000-7f56fd5b2000 r-xp 00000000 08:01 1182012                    /opt/jdk1.7.0_51/jre/lib/amd64/libnio.so
7f56fd5b2000-7f56fd7b2000 ---p 00010000 08:01 1182012                    /opt/jdk1.7.0_51/jre/lib/amd64/libnio.so
7f56fd7b2000-7f56fd7b3000 rw-p 00010000 08:01 1182012                    /opt/jdk1.7.0_51/jre/lib/amd64/libnio.so
7f56fd7b3000-7f56fd7b4000 ---p 00000000 00:00 0 
7f56fd7b4000-7f56fd8b4000 rw-p 00000000 00:00 0 
7f56fd8b4000-7f56fd8b7000 ---p 00000000 00:00 0 
7f56fd8b7000-7f56fd9b5000 rw-p 00000000 00:00 0 
7f56fd9b5000-7f56fd9b8000 ---p 00000000 00:00 0 
7f56fd9b8000-7f56fdab6000 rw-p 00000000 00:00 0 
7f56fdab6000-7f56fdab9000 ---p 00000000 00:00 0 
7f56fdab9000-7f56fdbb7000 rw-p 00000000 00:00 0 
7f56fdbb7000-7f56fdbba000 ---p 00000000 00:00 0 
7f56fdbba000-7f56fdcb8000 rw-p 00000000 00:00 0 
7f56fdcb8000-7f56fe39b000 r--p 00000000 08:01 2235135                    /usr/lib/locale/locale-archive
7f56fe39b000-7f56fe39e000 ---p 00000000 00:00 0 
7f56fe39e000-7f56fe49c000 rw-p 00000000 00:00 0 
7f56fe49c000-7f56fe49f000 ---p 00000000 00:00 0 
7f56fe49f000-7f56fe59d000 rw-p 00000000 00:00 0 
7f56fe59d000-7f56fe59e000 ---p 00000000 00:00 0 
7f56fe59e000-7f5700000000 rw-p 00000000 00:00 0 
7f5700000000-7f5700021000 rw-p 00000000 00:00 0 
7f5700021000-7f5704000000 ---p 00000000 00:00 0 
7f5704002000-7f5704003000 rw-p 00000000 00:00 0 
7f5704003000-7f5704007000 rw-s 2e55a0000 00:05 15621                     /dev/nvidia1
7f5704007000-7f5704008000 rw-s 430279000 00:05 15621                     /dev/nvidia1
7f5704008000-7f5704028000 rw-s 4305bc000 00:05 18605                     /dev/nvidia0
7f5704028000-7f5704048000 rw-s 43c99e000 00:05 18605                     /dev/nvidia0
7f5704048000-7f5704065000 rw-s 434039000 00:05 18605                     /dev/nvidia0
7f5704065000-7f5704068000 ---p 00000000 00:00 0 
7f5704068000-7f570409e000 rw-p 00000000 00:00 0 
7f570409e000-7f57040a6000 r--s 0004c000 08:01 2359928                    /home/maarten/workspace/eWaterCycle-Visualisation/eWaterCycle-Visualization/lib/Neon.jar
7f57040a6000-7f57040d8000 r--s 00429000 08:01 2423855                    /home/maarten/workspace/eWaterCycle-Visualisation/eWaterCycle-Visualization/lib/netcdf/netcdf-4.2.jar
7f57040d8000-7f57040d9000 r--s 00002000 08:01 2423829                    /home/maarten/workspace/eWaterCycle-Visualisation/eWaterCycle-Visualization/lib/slf4j-log4j12-1.5.6.jar
7f57040d9000-7f57040db000 r--s 00004000 08:01 2423828                    /home/maarten/workspace/eWaterCycle-Visualisation/eWaterCycle-Visualization/lib/slf4j-api-1.5.6.jar
7f57040db000-7f57040dd000 r--s 00019000 08:01 1182055                    /opt/jdk1.7.0_51/jre/lib/jce.jar
7f57040dd000-7f57040e1000 r--s 0008a000 08:01 1181864                    /opt/jdk1.7.0_51/jre/lib/jsse.jar
7f57040e1000-7f57040ff000 r--s 00492000 08:01 2402317                    /home/maarten/workspace/eWaterCycle-Visualisation/eWaterCycle-Visualization/lib/jogl/jogl-all.jar
7f57040ff000-7f5705000000 rw-p 00000000 00:00 0 
7f5705000000-7f57052e0000 rwxp 00000000 00:00 0 
7f57052e0000-7f57084db000 rw-p 00000000 00:00 0 
7f57084db000-7f570c000000 ---p 00000000 00:00 0 
7f570c000000-7f570c001000 rw-s d7d61000 00:05 15621                      /dev/nvidia1
7f570c001000-7f570c002000 rw-s d7d60000 00:05 15621                      /dev/nvidia1
7f570c002000-7f570c003000 rw-s f1642000 00:05 15621                      /dev/nvidia1
7f570c003000-7f570c004000 rw-s 435fdc000 00:05 15621                     /dev/nvidia1
7f570c004000-7f570c005000 rw-s f1641000 00:05 15621                      /dev/nvidia1
7f570c005000-7f570c006000 rw-s 43848e000 00:05 15621                     /dev/nvidia1
7f570c006000-7f570c007000 rw-s 28be17000 00:05 15621                     /dev/nvidia1
7f570c007000-7f570c00b000 rw-s 3c0da3000 00:05 18605                     /dev/nvidia0
7f570c00b000-7f570c00c000 rw-s 3c0da2000 00:05 18605                     /dev/nvidia0
7f570c00c000-7f570c00d000 rw-s e7d60000 00:05 18605                      /dev/nvidia0
7f570c00d000-7f570c00e000 rw-s f3642000 00:05 18605                      /dev/nvidia0
7f570c00e000-7f570c00f000 rw-s 431c34000 00:05 18605                     /dev/nvidia0
7f570c00f000-7f570c010000 rw-s f3641000 00:05 18605                      /dev/nvidia0
7f570c010000-7f570c011000 rw-s 431c38000 00:05 18605                     /dev/nvidia0
7f570c011000-7f570c012000 rw-s 360c47000 00:05 18605                     /dev/nvidia0
7f570c012000-7f570c014000 rw-s 00000000 08:01 2114205                    /tmp/gl6vQEcG (deleted)
7f570c014000-7f570c015000 rw-s 43e3b5000 00:05 15621                     /dev/nvidia1
7f570c015000-7f570c016000 rw-s d7d60000 00:05 15621                      /dev/nvidia1
7f570c016000-7f570c017000 rw-s f1642000 00:05 15621                      /dev/nvidia1
7f570c017000-7f570c018000 rw-s 435fdc000 00:05 15621                     /dev/nvidia1
7f570c018000-7f570c286000 rw-p 00000000 00:00 0 
7f570c286000-7f570c443000 r--s 039bf000 08:01 1182056                    /opt/jdk1.7.0_51/jre/lib/rt.jar
7f570c443000-7f570c58c000 rw-p 00000000 00:00 0 
7f570c58c000-7f570c58d000 ---p 00000000 00:00 0 
7f570c58d000-7f570c68d000 rw-p 00000000 00:00 0 
7f570c68d000-7f570c68e000 ---p 00000000 00:00 0 
7f570c68e000-7f570c78e000 rw-p 00000000 00:00 0 
7f570c78e000-7f570c78f000 ---p 00000000 00:00 0 
7f570c78f000-7f570c88f000 rw-p 00000000 00:00 0 
7f570c88f000-7f570c890000 ---p 00000000 00:00 0 
7f570c890000-7f570c990000 rw-p 00000000 00:00 0 
7f570c990000-7f570c991000 ---p 00000000 00:00 0 
7f570c991000-7f570ca91000 rw-p 00000000 00:00 0 
7f570ca91000-7f570ca92000 ---p 00000000 00:00 0 
7f570ca92000-7f570cb92000 rw-p 00000000 00:00 0 
7f570cb92000-7f570cb93000 ---p 00000000 00:00 0 
7f570cb93000-7f570cc93000 rw-p 00000000 00:00 0 
7f570cc93000-7f570cc94000 ---p 00000000 00:00 0 
7f570cc94000-7f570cd94000 rw-p 00000000 00:00 0 
7f570cd94000-7f570cd95000 ---p 00000000 00:00 0 
7f570cd95000-7f570ce95000 rw-p 00000000 00:00 0 
7f570ce95000-7f570ce96000 ---p 00000000 00:00 0 
7f570ce96000-7f570cfac000 rw-p 00000000 00:00 0 
7f570cfac000-7f570cfb1000 ---p 00000000 00:00 0 
7f570cfb1000-7f570cfbf000 rw-p 00000000 00:00 0 
7f570cfbf000-7f570d035000 rw-p 00000000 00:00 0 
7f570d035000-7f570d4f5000 rw-p 00000000 00:00 0 
7f570d4f5000-7f570d50b000 rw-p 00000000 00:00 0 
7f570d50b000-7f570d510000 ---p 00000000 00:00 0 
7f570d510000-7f570d51e000 rw-p 00000000 00:00 0 
7f570d51e000-7f570d594000 rw-p 00000000 00:00 0 
7f570d594000-7f570da54000 rw-p 00000000 00:00 0 
7f570da54000-7f570daea000 rw-p 00000000 00:00 0 
7f570daea000-7f570db02000 ---p 00000000 00:00 0 
7f570db02000-7f570dcef000 rw-p 00000000 00:00 0 
7f570dcef000-7f570dcf0000 rw-p 00000000 00:00 0 
7f570dcf0000-7f570dd0a000 r-xp 00000000 08:01 1181966                    /opt/jdk1.7.0_51/jre/lib/amd64/libzip.so
7f570dd0a000-7f570df0a000 ---p 0001a000 08:01 1181966                    /opt/jdk1.7.0_51/jre/lib/amd64/libzip.so
7f570df0a000-7f570df0b000 rw-p 0001a000 08:01 1181966                    /opt/jdk1.7.0_51/jre/lib/amd64/libzip.so
7f570df0b000-7f570df17000 r-xp 00000000 08:01 2676831                    /lib/x86_64-linux-gnu/libnss_files-2.15.so
7f570df17000-7f570e116000 ---p 0000c000 08:01 2676831                    /lib/x86_64-linux-gnu/libnss_files-2.15.so
7f570e116000-7f570e117000 r--p 0000b000 08:01 2676831                    /lib/x86_64-linux-gnu/libnss_files-2.15.so
7f570e117000-7f570e118000 rw-p 0000c000 08:01 2676831                    /lib/x86_64-linux-gnu/libnss_files-2.15.so
7f570e118000-7f570e122000 r-xp 00000000 08:01 2676835                    /lib/x86_64-linux-gnu/libnss_nis-2.15.so
7f570e122000-7f570e322000 ---p 0000a000 08:01 2676835                    /lib/x86_64-linux-gnu/libnss_nis-2.15.so
7f570e322000-7f570e323000 r--p 0000a000 08:01 2676835                    /lib/x86_64-linux-gnu/libnss_nis-2.15.so
7f570e323000-7f570e324000 rw-p 0000b000 08:01 2676835                    /lib/x86_64-linux-gnu/libnss_nis-2.15.so
7f570e324000-7f570e33b000 r-xp 00000000 08:01 2676847                    /lib/x86_64-linux-gnu/libnsl-2.15.so
7f570e33b000-7f570e53a000 ---p 00017000 08:01 2676847                    /lib/x86_64-linux-gnu/libnsl-2.15.so
7f570e53a000-7f570e53b000 r--p 00016000 08:01 2676847                    /lib/x86_64-linux-gnu/libnsl-2.15.so
7f570e53b000-7f570e53c000 rw-p 00017000 08:01 2676847                    /lib/x86_64-linux-gnu/libnsl-2.15.so
7f570e53c000-7f570e53e000 rw-p 00000000 00:00 0 
7f570e53e000-7f570e546000 r-xp 00000000 08:01 2676829                    /lib/x86_64-linux-gnu/libnss_compat-2.15.so
7f570e546000-7f570e745000 ---p 00008000 08:01 2676829                    /lib/x86_64-linux-gnu/libnss_compat-2.15.so
7f570e745000-7f570e746000 r--p 00007000 08:01 2676829                    /lib/x86_64-linux-gnu/libnss_compat-2.15.so
7f570e746000-7f570e747000 rw-p 00008000 08:01 2676829                    /lib/x86_64-linux-gnu/libnss_compat-2.15.so
7f570e747000-7f570e770000 r-xp 00000000 08:01 1181954                    /opt/jdk1.7.0_51/jre/lib/amd64/libjava.so
7f570e770000-7f570e970000 ---p 00029000 08:01 1181954                    /opt/jdk1.7.0_51/jre/lib/amd64/libjava.so
7f570e970000-7f570e972000 rw-p 00029000 08:01 1181954                    /opt/jdk1.7.0_51/jre/lib/amd64/libjava.so
7f570e972000-7f570e97f000 r-xp 00000000 08:01 1181995                    /opt/jdk1.7.0_51/jre/lib/amd64/libverify.so
7f570e97f000-7f570eb7e000 ---p 0000d000 08:01 1181995                    /opt/jdk1.7.0_51/jre/lib/amd64/libverify.so
7f570eb7e000-7f570eb80000 rw-p 0000c000 08:01 1181995                    /opt/jdk1.7.0_51/jre/lib/amd64/libverify.so
7f570eb80000-7f570eb87000 r-xp 00000000 08:01 2676834                    /lib/x86_64-linux-gnu/librt-2.15.so
7f570eb87000-7f570ed86000 ---p 00007000 08:01 2676834                    /lib/x86_64-linux-gnu/librt-2.15.so
7f570ed86000-7f570ed87000 r--p 00006000 08:01 2676834                    /lib/x86_64-linux-gnu/librt-2.15.so
7f570ed87000-7f570ed88000 rw-p 00007000 08:01 2676834                    /lib/x86_64-linux-gnu/librt-2.15.so
7f570ed88000-7f570ee83000 r-xp 00000000 08:01 2676838                    /lib/x86_64-linux-gnu/libm-2.15.so
7f570ee83000-7f570f082000 ---p 000fb000 08:01 2676838                    /lib/x86_64-linux-gnu/libm-2.15.so
7f570f082000-7f570f083000 r--p 000fa000 08:01 2676838                    /lib/x86_64-linux-gnu/libm-2.15.so
7f570f083000-7f570f084000 rw-p 000fb000 08:01 2676838                    /lib/x86_64-linux-gnu/libm-2.15.so
7f570f084000-7f570fbe6000 r-xp 00000000 08:01 1181959                    /opt/jdk1.7.0_51/jre/lib/amd64/server/libjvm.so
7f570fbe6000-7f570fde6000 ---p 00b62000 08:01 1181959                    /opt/jdk1.7.0_51/jre/lib/amd64/server/libjvm.so
7f570fde6000-7f570fea9000 rw-p 00b62000 08:01 1181959                    /opt/jdk1.7.0_51/jre/lib/amd64/server/libjvm.so
7f570fea9000-7f570feea000 rw-p 00000000 00:00 0 
7f570feea000-7f571009f000 r-xp 00000000 08:01 2676827                    /lib/x86_64-linux-gnu/libc-2.15.so
7f571009f000-7f571029f000 ---p 001b5000 08:01 2676827                    /lib/x86_64-linux-gnu/libc-2.15.so
7f571029f000-7f57102a3000 r--p 001b5000 08:01 2676827                    /lib/x86_64-linux-gnu/libc-2.15.so
7f57102a3000-7f57102a5000 rw-p 001b9000 08:01 2676827                    /lib/x86_64-linux-gnu/libc-2.15.so
7f57102a5000-7f57102aa000 rw-p 00000000 00:00 0 
7f57102aa000-7f57102ac000 r-xp 00000000 08:01 2676842                    /lib/x86_64-linux-gnu/libdl-2.15.so
7f57102ac000-7f57104ac000 ---p 00002000 08:01 2676842                    /lib/x86_64-linux-gnu/libdl-2.15.so
7f57104ac000-7f57104ad000 r--p 00002000 08:01 2676842                    /lib/x86_64-linux-gnu/libdl-2.15.so
7f57104ad000-7f57104ae000 rw-p 00003000 08:01 2676842                    /lib/x86_64-linux-gnu/libdl-2.15.so
7f57104ae000-7f57104c4000 r-xp 00000000 08:01 1197255                    /opt/jdk1.7.0_51/lib/amd64/jli/libjli.so
7f57104c4000-7f57106c4000 ---p 00016000 08:01 1197255                    /opt/jdk1.7.0_51/lib/amd64/jli/libjli.so
7f57106c4000-7f57106c5000 rw-p 00016000 08:01 1197255                    /opt/jdk1.7.0_51/lib/amd64/jli/libjli.so
7f57106c5000-7f57106dd000 r-xp 00000000 08:01 2676836                    /lib/x86_64-linux-gnu/libpthread-2.15.so
7f57106dd000-7f57108dc000 ---p 00018000 08:01 2676836                    /lib/x86_64-linux-gnu/libpthread-2.15.so
7f57108dc000-7f57108dd000 r--p 00017000 08:01 2676836                    /lib/x86_64-linux-gnu/libpthread-2.15.so
7f57108dd000-7f57108de000 rw-p 00018000 08:01 2676836                    /lib/x86_64-linux-gnu/libpthread-2.15.so
7f57108de000-7f57108e2000 rw-p 00000000 00:00 0 
7f57108e2000-7f5710904000 r-xp 00000000 08:01 2676839                    /lib/x86_64-linux-gnu/ld-2.15.so
7f5710904000-7f5710905000 rw-s f1641000 00:05 15621                      /dev/nvidia1
7f5710905000-7f5710906000 rw-s 43848e000 00:05 15621                     /dev/nvidia1
7f5710906000-7f5710907000 rw-s 3ec87b000 00:05 15621                     /dev/nvidia1
7f5710907000-7f571090b000 rw-s 34157f000 00:05 18605                     /dev/nvidia0
7f571090b000-7f571090c000 rw-s 439050000 00:05 18605                     /dev/nvidia0
7f571090c000-7f5710910000 rw-s 15f16b000 00:05 18605                     /dev/nvidia0
7f5710910000-7f5710911000 rw-s e7d60000 00:05 18605                      /dev/nvidia0
7f5710911000-7f5710912000 rw-s f3642000 00:05 18605                      /dev/nvidia0
7f5710912000-7f5710913000 rw-s 431c34000 00:05 18605                     /dev/nvidia0
7f5710913000-7f5710914000 rw-s f3641000 00:05 18605                      /dev/nvidia0
7f5710914000-7f5710915000 rw-s 431c38000 00:05 18605                     /dev/nvidia0
7f5710915000-7f5710921000 rw-p 00000000 00:00 0 
7f5710921000-7f57109d5000 rw-p 00000000 00:00 0 
7f57109d5000-7f57109d8000 ---p 00000000 00:00 0 
7f57109d8000-7f5710ada000 rw-p 00000000 00:00 0 
7f5710ada000-7f5710adb000 rw-s 4407d3000 00:05 18605                     /dev/nvidia0
7f5710adb000-7f5710adc000 rw-s f1060000 00:05 15621                      /dev/nvidia1
7f5710adc000-7f5710add000 rw-s f3060000 00:05 18605                      /dev/nvidia0
7f5710add000-7f5710ade000 r--p 00000000 00:00 0 
7f5710ade000-7f5710adf000 r--s 00022000 08:01 2381721                    /home/maarten/workspace/eWaterCycle-Visualisation/eWaterCycle-Visualization/lib/jogl/jogl-all-natives-windows-i586.jar
7f5710adf000-7f5710ae0000 r--s 0001c000 08:01 2381720                    /home/maarten/workspace/eWaterCycle-Visualisation/eWaterCycle-Visualization/lib/jogl/jogl-all-natives-windows-amd64.jar
7f5710ae0000-7f5710ae1000 r--s 0001a000 08:01 2381726                    /home/maarten/workspace/eWaterCycle-Visualisation/eWaterCycle-Visualization/lib/jogl/jogl-all-natives-solaris-i586.jar
7f5710ae1000-7f5710ae2000 r--s 00025000 08:01 2381712                    /home/maarten/workspace/eWaterCycle-Visualisation/eWaterCycle-Visualization/lib/jogl/jogl-all-natives-solaris-amd64.jar
7f5710ae2000-7f5710ae3000 r--s 00053000 08:01 2381723                    /home/maarten/workspace/eWaterCycle-Visualisation/eWaterCycle-Visualization/lib/jogl/jogl-all-natives-macosx-universal.jar
7f5710ae3000-7f5710ae4000 r--s 00027000 08:01 2381715                    /home/maarten/workspace/eWaterCycle-Visualisation/eWaterCycle-Visualization/lib/jogl/jogl-all-natives-linux-i586.jar
7f5710ae4000-7f5710ae5000 r--s 00027000 08:01 2381724                    /home/maarten/workspace/eWaterCycle-Visualisation/eWaterCycle-Visualization/lib/jogl/jogl-all-natives-linux-amd64.jar
7f5710ae5000-7f5710aea000 r--s 0003d000 08:01 2381713                    /home/maarten/workspace/eWaterCycle-Visualisation/eWaterCycle-Visualization/lib/jogl/gluegen-rt.jar
7f5710aea000-7f5710aeb000 r--s 00001000 08:01 2381714                    /home/maarten/workspace/eWaterCycle-Visualisation/eWaterCycle-Visualization/lib/jogl/gluegen-rt-natives-windows-i586.jar
7f5710aeb000-7f5710aec000 r--s 00002000 08:01 2381709                    /home/maarten/workspace/eWaterCycle-Visualisation/eWaterCycle-Visualization/lib/jogl/gluegen-rt-natives-windows-amd64.jar
7f5710aec000-7f5710aed000 r--s 00001000 08:01 2381722                    /home/maarten/workspace/eWaterCycle-Visualisation/eWaterCycle-Visualization/lib/jogl/gluegen-rt-natives-solaris-i586.jar
7f5710aed000-7f5710aee000 r--s 00001000 08:01 2381718                    /home/maarten/workspace/eWaterCycle-Visualisation/eWaterCycle-Visualization/lib/jogl/gluegen-rt-natives-solaris-amd64.jar
7f5710aee000-7f5710aef000 r--s 00001000 08:01 2381716                    /home/maarten/workspace/eWaterCycle-Visualisation/eWaterCycle-Visualization/lib/jogl/gluegen-rt-natives-macosx-universal.jar
7f5710aef000-7f5710af0000 r--s 00001000 08:01 2381728                    /home/maarten/workspace/eWaterCycle-Visualisation/eWaterCycle-Visualization/lib/jogl/gluegen-rt-natives-linux-i586.jar
7f5710af0000-7f5710af1000 r--s 00001000 08:01 2381719                    /home/maarten/workspace/eWaterCycle-Visualisation/eWaterCycle-Visualization/lib/jogl/gluegen-rt-natives-linux-amd64.jar
7f5710af1000-7f5710af8000 r--s 00059000 08:01 2423827                    /home/maarten/workspace/eWaterCycle-Visualisation/eWaterCycle-Visualization/lib/log4j-1.2.15.jar
7f5710af8000-7f5710b00000 rw-s 00000000 08:01 2114204                    /tmp/hsperfdata_maarten/23315
7f5710b00000-7f5710b01000 rw-p 00000000 00:00 0 
7f5710b01000-7f5710b02000 ---p 00000000 00:00 0 
7f5710b02000-7f5710b04000 rw-p 00000000 00:00 0 
7f5710b04000-7f5710b05000 r--p 00022000 08:01 2676839                    /lib/x86_64-linux-gnu/ld-2.15.so
7f5710b05000-7f5710b07000 rw-p 00023000 08:01 2676839                    /lib/x86_64-linux-gnu/ld-2.15.so
7fffefb73000-7fffefb95000 rw-p 00000000 00:00 0                          [stack]
7fffefbff000-7fffefc00000 r-xp 00000000 00:00 0                          [vdso]
ffffffffff600000-ffffffffff601000 r-xp 00000000 00:00 0                  [vsyscall]

VM Arguments:
jvm_args: -Dfile.encoding=UTF-8 
java_command: nl.esciencecenter.visualization.ewatercycle.WaterCycleApp /media/datahdd1/eWaterCycle/netcdf2/
Launcher Type: SUN_STANDARD

Environment Variables:
PATH=/home/maarten/bin:/usr/lib/lightdm/lightdm:/usr/local/sbin:/usr/local/bin:/usr/sbin:/usr/bin:/sbin:/bin:/usr/games:/home/maarten/bin:/home/maarten/sage-code/sage/bin:/home/maarten/MonetDB/monet/bin
LD_LIBRARY_PATH=/opt/jdk1.7.0_51/jre/lib/amd64/server:/opt/jdk1.7.0_51/jre/lib/amd64:/opt/jdk1.7.0_51/jre/../lib/amd64:/usr/lib/jvm/java-6-openjdk-amd64/jre/lib/amd64/server:/usr/lib/jvm/java-6-openjdk-amd64/jre/lib/amd64:/usr/lib/jvm/java-6-openjdk-amd64/jre/../lib/amd64::/home/maarten/sage-code/sage/lib:/home/maarten/netcdf-4.3.0/liblib/.libs/
SHELL=/bin/bash
DISPLAY=:0

Signal Handlers:
SIGSEGV: [libjvm.so+0x993870], sa_mask[0]=0x7ffbfeff, sa_flags=0x10000004
SIGBUS: [libjvm.so+0x993870], sa_mask[0]=0x7ffbfeff, sa_flags=0x10000004
SIGFPE: [libjvm.so+0x8105b0], sa_mask[0]=0x7ffbfeff, sa_flags=0x10000004
SIGPIPE: [libjvm.so+0x8105b0], sa_mask[0]=0x7ffbfeff, sa_flags=0x10000004
SIGXFSZ: [libjvm.so+0x8105b0], sa_mask[0]=0x7ffbfeff, sa_flags=0x10000004
SIGILL: [libjvm.so+0x8105b0], sa_mask[0]=0x7ffbfeff, sa_flags=0x10000004
SIGUSR1: SIG_DFL, sa_mask[0]=0x00000000, sa_flags=0x00000000
SIGUSR2: [libjvm.so+0x811aa0], sa_mask[0]=0x00000004, sa_flags=0x10000004
SIGHUP: [libjvm.so+0x812a10], sa_mask[0]=0x7ffbfeff, sa_flags=0x10000004
SIGINT: [libjvm.so+0x812a10], sa_mask[0]=0x7ffbfeff, sa_flags=0x10000004
SIGTERM: [libjvm.so+0x812a10], sa_mask[0]=0x7ffbfeff, sa_flags=0x10000004
SIGQUIT: [libjvm.so+0x812a10], sa_mask[0]=0x7ffbfeff, sa_flags=0x10000004


---------------  S Y S T E M  ---------------

OS:wheezy/sid

uname:Linux 3.2.0-58-generic #88-Ubuntu SMP Tue Dec 3 17:37:58 UTC 2013 x86_64
libc:glibc 2.15 NPTL 2.15 
rlimit: STACK 8192k, CORE 0k, NPROC 127893, NOFILE 4096, AS infinity
load average:1.67 0.74 0.37

/proc/meminfo:
MemTotal:       16387932 kB
MemFree:          139860 kB
Buffers:             624 kB
Cached:            15348 kB
SwapCached:         9208 kB
Active:         11704944 kB
Inactive:        1372856 kB
Active(anon):   11699452 kB
Inactive(anon):  1365280 kB
Active(file):       5492 kB
Inactive(file):     7576 kB
Unevictable:          36 kB
Mlocked:              36 kB
SwapTotal:       5119996 kB
SwapFree:             12 kB
Dirty:                44 kB
Writeback:            24 kB
AnonPages:      13055624 kB
Mapped:           299640 kB
Shmem:               992 kB
Slab:             125788 kB
SReclaimable:      32348 kB
SUnreclaim:        93440 kB
KernelStack:        4480 kB
PageTables:        58912 kB
NFS_Unstable:          0 kB
Bounce:                0 kB
WritebackTmp:          0 kB
CommitLimit:    13313960 kB
Committed_AS:   10524284 kB
VmallocTotal:   34359738367 kB
VmallocUsed:      404100 kB
VmallocChunk:   34359330620 kB
HardwareCorrupted:     0 kB
AnonHugePages:         0 kB
HugePages_Total:       0
HugePages_Free:        0
HugePages_Rsvd:        0
HugePages_Surp:        0
Hugepagesize:       2048 kB
DirectMap4k:    11628544 kB
DirectMap2M:     5107712 kB
DirectMap1G:           0 kB


CPU:total 12 (6 cores per cpu, 2 threads per core) family 6 model 45 stepping 7, cmov, cx8, fxsr, mmx, sse, sse2, sse3, ssse3, sse4.1, sse4.2, popcnt, avx, aes, ht, tsc, tscinvbit, tscinv

/proc/cpuinfo:
processor	: 0
vendor_id	: GenuineIntel
cpu family	: 6
model		: 45
model name	: Intel(R) Core(TM) i7-3930K CPU @ 3.20GHz
stepping	: 7
microcode	: 0x704
cpu MHz		: 3201.000
cache size	: 12288 KB
physical id	: 0
siblings	: 12
core id		: 0
cpu cores	: 6
apicid		: 0
initial apicid	: 0
fpu		: yes
fpu_exception	: yes
cpuid level	: 13
wp		: yes
flags		: fpu vme de pse tsc msr pae mce cx8 apic sep mtrr pge mca cmov pat pse36 clflush dts acpi mmx fxsr sse sse2 ss ht tm pbe syscall nx pdpe1gb rdtscp lm constant_tsc arch_perfmon pebs bts rep_good nopl xtopology nonstop_tsc aperfmperf pni pclmulqdq dtes64 monitor ds_cpl vmx est tm2 ssse3 cx16 xtpr pdcm pcid dca sse4_1 sse4_2 x2apic popcnt tsc_deadline_timer aes xsave avx lahf_lm ida arat xsaveopt pln pts dtherm tpr_shadow vnmi flexpriority ept vpid
bogomips	: 6399.67
clflush size	: 64
cache_alignment	: 64
address sizes	: 46 bits physical, 48 bits virtual
power management:

processor	: 1
vendor_id	: GenuineIntel
cpu family	: 6
model		: 45
model name	: Intel(R) Core(TM) i7-3930K CPU @ 3.20GHz
stepping	: 7
microcode	: 0x704
cpu MHz		: 2500.000
cache size	: 12288 KB
physical id	: 0
siblings	: 12
core id		: 1
cpu cores	: 6
apicid		: 2
initial apicid	: 2
fpu		: yes
fpu_exception	: yes
cpuid level	: 13
wp		: yes
flags		: fpu vme de pse tsc msr pae mce cx8 apic sep mtrr pge mca cmov pat pse36 clflush dts acpi mmx fxsr sse sse2 ss ht tm pbe syscall nx pdpe1gb rdtscp lm constant_tsc arch_perfmon pebs bts rep_good nopl xtopology nonstop_tsc aperfmperf pni pclmulqdq dtes64 monitor ds_cpl vmx est tm2 ssse3 cx16 xtpr pdcm pcid dca sse4_1 sse4_2 x2apic popcnt tsc_deadline_timer aes xsave avx lahf_lm ida arat xsaveopt pln pts dtherm tpr_shadow vnmi flexpriority ept vpid
bogomips	: 6399.79
clflush size	: 64
cache_alignment	: 64
address sizes	: 46 bits physical, 48 bits virtual
power management:

processor	: 2
vendor_id	: GenuineIntel
cpu family	: 6
model		: 45
model name	: Intel(R) Core(TM) i7-3930K CPU @ 3.20GHz
stepping	: 7
microcode	: 0x704
cpu MHz		: 1200.000
cache size	: 12288 KB
physical id	: 0
siblings	: 12
core id		: 2
cpu cores	: 6
apicid		: 4
initial apicid	: 4
fpu		: yes
fpu_exception	: yes
cpuid level	: 13
wp		: yes
flags		: fpu vme de pse tsc msr pae mce cx8 apic sep mtrr pge mca cmov pat pse36 clflush dts acpi mmx fxsr sse sse2 ss ht tm pbe syscall nx pdpe1gb rdtscp lm constant_tsc arch_perfmon pebs bts rep_good nopl xtopology nonstop_tsc aperfmperf pni pclmulqdq dtes64 monitor ds_cpl vmx est tm2 ssse3 cx16 xtpr pdcm pcid dca sse4_1 sse4_2 x2apic popcnt tsc_deadline_timer aes xsave avx lahf_lm ida arat xsaveopt pln pts dtherm tpr_shadow vnmi flexpriority ept vpid
bogomips	: 6399.78
clflush size	: 64
cache_alignment	: 64
address sizes	: 46 bits physical, 48 bits virtual
power management:

processor	: 3
vendor_id	: GenuineIntel
cpu family	: 6
model		: 45
model name	: Intel(R) Core(TM) i7-3930K CPU @ 3.20GHz
stepping	: 7
microcode	: 0x704
cpu MHz		: 1200.000
cache size	: 12288 KB
physical id	: 0
siblings	: 12
core id		: 3
cpu cores	: 6
apicid		: 6
initial apicid	: 6
fpu		: yes
fpu_exception	: yes
cpuid level	: 13
wp		: yes
flags		: fpu vme de pse tsc msr pae mce cx8 apic sep mtrr pge mca cmov pat pse36 clflush dts acpi mmx fxsr sse sse2 ss ht tm pbe syscall nx pdpe1gb rdtscp lm constant_tsc arch_perfmon pebs bts rep_good nopl xtopology nonstop_tsc aperfmperf pni pclmulqdq dtes64 monitor ds_cpl vmx est tm2 ssse3 cx16 xtpr pdcm pcid dca sse4_1 sse4_2 x2apic popcnt tsc_deadline_timer aes xsave avx lahf_lm ida arat xsaveopt pln pts dtherm tpr_shadow vnmi flexpriority ept vpid
bogomips	: 6399.79
clflush size	: 64
cache_alignment	: 64
address sizes	: 46 bits physical, 48 bits virtual
power management:

processor	: 4
vendor_id	: GenuineIntel
cpu family	: 6
model		: 45
model name	: Intel(R) Core(TM) i7-3930K CPU @ 3.20GHz
stepping	: 7
microcode	: 0x704
cpu MHz		: 1200.000
cache size	: 12288 KB
physical id	: 0
siblings	: 12
core id		: 4
cpu cores	: 6
apicid		: 8
initial apicid	: 8
fpu		: yes
fpu_exception	: yes
cpuid level	: 13
wp		: yes
flags		: fpu vme de pse tsc msr pae mce cx8 apic sep mtrr pge mca cmov pat pse36 clflush dts acpi mmx fxsr sse sse2 ss ht tm pbe syscall nx pdpe1gb rdtscp lm constant_tsc arch_perfmon pebs bts rep_good nopl xtopology nonstop_tsc aperfmperf pni pclmulqdq dtes64 monitor ds_cpl vmx est tm2 ssse3 cx16 xtpr pdcm pcid dca sse4_1 sse4_2 x2apic popcnt tsc_deadline_timer aes xsave avx lahf_lm ida arat xsaveopt pln pts dtherm tpr_shadow vnmi flexpriority ept vpid
bogomips	: 6399.79
clflush size	: 64
cache_alignment	: 64
address sizes	: 46 bits physical, 48 bits virtual
power management:

processor	: 5
vendor_id	: GenuineIntel
cpu family	: 6
model		: 45
model name	: Intel(R) Core(TM) i7-3930K CPU @ 3.20GHz
stepping	: 7
microcode	: 0x704
cpu MHz		: 1200.000
cache size	: 12288 KB
physical id	: 0
siblings	: 12
core id		: 5
cpu cores	: 6
apicid		: 10
initial apicid	: 10
fpu		: yes
fpu_exception	: yes
cpuid level	: 13
wp		: yes
flags		: fpu vme de pse tsc msr pae mce cx8 apic sep mtrr pge mca cmov pat pse36 clflush dts acpi mmx fxsr sse sse2 ss ht tm pbe syscall nx pdpe1gb rdtscp lm constant_tsc arch_perfmon pebs bts rep_good nopl xtopology nonstop_tsc aperfmperf pni pclmulqdq dtes64 monitor ds_cpl vmx est tm2 ssse3 cx16 xtpr pdcm pcid dca sse4_1 sse4_2 x2apic popcnt tsc_deadline_timer aes xsave avx lahf_lm ida arat xsaveopt pln pts dtherm tpr_shadow vnmi flexpriority ept vpid
bogomips	: 6399.80
clflush size	: 64
cache_alignment	: 64
address sizes	: 46 bits physical, 48 bits virtual
power management:

processor	: 6
vendor_id	: GenuineIntel
cpu family	: 6
model		: 45
model name	: Intel(R) Core(TM) i7-3930K CPU @ 3.20GHz
stepping	: 7
microcode	: 0x704
cpu MHz		: 1200.000
cache size	: 12288 KB
physical id	: 0
siblings	: 12
core id		: 0
cpu cores	: 6
apicid		: 1
initial apicid	: 1
fpu		: yes
fpu_exception	: yes
cpuid level	: 13
wp		: yes
flags		: fpu vme de pse tsc msr pae mce cx8 apic sep mtrr pge mca cmov pat pse36 clflush dts acpi mmx fxsr sse sse2 ss ht tm pbe syscall nx pdpe1gb rdtscp lm constant_tsc arch_perfmon pebs bts rep_good nopl xtopology nonstop_tsc aperfmperf pni pclmulqdq dtes64 monitor ds_cpl vmx est tm2 ssse3 cx16 xtpr pdcm pcid dca sse4_1 sse4_2 x2apic popcnt tsc_deadline_timer aes xsave avx lahf_lm ida arat xsaveopt pln pts dtherm tpr_shadow vnmi flexpriority ept vpid
bogomips	: 6399.79
clflush size	: 64
cache_alignment	: 64
address sizes	: 46 bits physical, 48 bits virtual
power management:

processor	: 7
vendor_id	: GenuineIntel
cpu family	: 6
model		: 45
model name	: Intel(R) Core(TM) i7-3930K CPU @ 3.20GHz
stepping	: 7
microcode	: 0x704
cpu MHz		: 1200.000
cache size	: 12288 KB
physical id	: 0
siblings	: 12
core id		: 1
cpu cores	: 6
apicid		: 3
initial apicid	: 3
fpu		: yes
fpu_exception	: yes
cpuid level	: 13
wp		: yes
flags		: fpu vme de pse tsc msr pae mce cx8 apic sep mtrr pge mca cmov pat pse36 clflush dts acpi mmx fxsr sse sse2 ss ht tm pbe syscall nx pdpe1gb rdtscp lm constant_tsc arch_perfmon pebs bts rep_good nopl xtopology nonstop_tsc aperfmperf pni pclmulqdq dtes64 monitor ds_cpl vmx est tm2 ssse3 cx16 xtpr pdcm pcid dca sse4_1 sse4_2 x2apic popcnt tsc_deadline_timer aes xsave avx lahf_lm ida arat xsaveopt pln pts dtherm tpr_shadow vnmi flexpriority ept vpid
bogomips	: 6399.79
clflush size	: 64
cache_alignment	: 64
address sizes	: 46 bits physical, 48 bits virtual
power management:

processor	: 8
vendor_id	: GenuineIntel
cpu family	: 6
model		: 45
model name	: Intel(R) Core(TM) i7-3930K CPU @ 3.20GHz
stepping	: 7
microcode	: 0x704
cpu MHz		: 1200.000
cache size	: 12288 KB
physical id	: 0
siblings	: 12
core id		: 2
cpu cores	: 6
apicid		: 5
initial apicid	: 5
fpu		: yes
fpu_exception	: yes
cpuid level	: 13
wp		: yes
flags		: fpu vme de pse tsc msr pae mce cx8 apic sep mtrr pge mca cmov pat pse36 clflush dts acpi mmx fxsr sse sse2 ss ht tm pbe syscall nx pdpe1gb rdtscp lm constant_tsc arch_perfmon pebs bts rep_good nopl xtopology nonstop_tsc aperfmperf pni pclmulqdq dtes64 monitor ds_cpl vmx est tm2 ssse3 cx16 xtpr pdcm pcid dca sse4_1 sse4_2 x2apic popcnt tsc_deadline_timer aes xsave avx lahf_lm ida arat xsaveopt pln pts dtherm tpr_shadow vnmi flexpriority ept vpid
bogomips	: 6399.79
clflush size	: 64
cache_alignment	: 64
address sizes	: 46 bits physical, 48 bits virtual
power management:

processor	: 9
vendor_id	: GenuineIntel
cpu family	: 6
model		: 45
model name	: Intel(R) Core(TM) i7-3930K CPU @ 3.20GHz
stepping	: 7
microcode	: 0x704
cpu MHz		: 1200.000
cache size	: 12288 KB
physical id	: 0
siblings	: 12
core id		: 3
cpu cores	: 6
apicid		: 7
initial apicid	: 7
fpu		: yes
fpu_exception	: yes
cpuid level	: 13
wp		: yes
flags		: fpu vme de pse tsc msr pae mce cx8 apic sep mtrr pge mca cmov pat pse36 clflush dts acpi mmx fxsr sse sse2 ss ht tm pbe syscall nx pdpe1gb rdtscp lm constant_tsc arch_perfmon pebs bts rep_good nopl xtopology nonstop_tsc aperfmperf pni pclmulqdq dtes64 monitor ds_cpl vmx est tm2 ssse3 cx16 xtpr pdcm pcid dca sse4_1 sse4_2 x2apic popcnt tsc_deadline_timer aes xsave avx lahf_lm ida arat xsaveopt pln pts dtherm tpr_shadow vnmi flexpriority ept vpid
bogomips	: 6399.79
clflush size	: 64
cache_alignment	: 64
address sizes	: 46 bits physical, 48 bits virtual
power management:

processor	: 10
vendor_id	: GenuineIntel
cpu family	: 6
model		: 45
model name	: Intel(R) Core(TM) i7-3930K CPU @ 3.20GHz
stepping	: 7
microcode	: 0x704
cpu MHz		: 1200.000
cache size	: 12288 KB
physical id	: 0
siblings	: 12
core id		: 4
cpu cores	: 6
apicid		: 9
initial apicid	: 9
fpu		: yes
fpu_exception	: yes
cpuid level	: 13
wp		: yes
flags		: fpu vme de pse tsc msr pae mce cx8 apic sep mtrr pge mca cmov pat pse36 clflush dts acpi mmx fxsr sse sse2 ss ht tm pbe syscall nx pdpe1gb rdtscp lm constant_tsc arch_perfmon pebs bts rep_good nopl xtopology nonstop_tsc aperfmperf pni pclmulqdq dtes64 monitor ds_cpl vmx est tm2 ssse3 cx16 xtpr pdcm pcid dca sse4_1 sse4_2 x2apic popcnt tsc_deadline_timer aes xsave avx lahf_lm ida arat xsaveopt pln pts dtherm tpr_shadow vnmi flexpriority ept vpid
bogomips	: 6399.79
clflush size	: 64
cache_alignment	: 64
address sizes	: 46 bits physical, 48 bits virtual
power management:

processor	: 11
vendor_id	: GenuineIntel
cpu family	: 6
model		: 45
model name	: Intel(R) Core(TM) i7-3930K CPU @ 3.20GHz
stepping	: 7
microcode	: 0x704
cpu MHz		: 1600.000
cache size	: 12288 KB
physical id	: 0
siblings	: 12
core id		: 5
cpu cores	: 6
apicid		: 11
initial apicid	: 11
fpu		: yes
fpu_exception	: yes
cpuid level	: 13
wp		: yes
flags		: fpu vme de pse tsc msr pae mce cx8 apic sep mtrr pge mca cmov pat pse36 clflush dts acpi mmx fxsr sse sse2 ss ht tm pbe syscall nx pdpe1gb rdtscp lm constant_tsc arch_perfmon pebs bts rep_good nopl xtopology nonstop_tsc aperfmperf pni pclmulqdq dtes64 monitor ds_cpl vmx est tm2 ssse3 cx16 xtpr pdcm pcid dca sse4_1 sse4_2 x2apic popcnt tsc_deadline_timer aes xsave avx lahf_lm ida arat xsaveopt pln pts dtherm tpr_shadow vnmi flexpriority ept vpid
bogomips	: 6399.79
clflush size	: 64
cache_alignment	: 64
address sizes	: 46 bits physical, 48 bits virtual
power management:



Memory: 4k page, physical 16387932k(139860k free), swap 5119996k(12k free)

vm_info: Java HotSpot(TM) 64-Bit Server VM (24.51-b03) for linux-amd64 JRE (1.7.0_51-b13), built on Dec 18 2013 18:48:01 by "java_re" with gcc 4.3.0 20080428 (Red Hat 4.3.0-8)

time: Tue Feb  4 14:48:24 2014
elapsed time: 225 seconds

